This file contains any messages produced by compilers while
running configure, to aid debugging if configure makes a mistake.

It was created by ctemplate configure 2.3, which was
generated by GNU Autoconf 2.69.  Invocation command line was

  $ ./configure --prefix=/home/cangkui

## --------- ##
## Platform. ##
## --------- ##

hostname = localhost.localdomain
uname -m = x86_64
uname -r = 3.10.0-229.7.2.el7.x86_64
uname -s = Linux
uname -v = #1 SMP Tue Jun 23 22:06:11 UTC 2015

/usr/bin/uname -p = x86_64
/bin/uname -X     = unknown

/bin/arch              = x86_64
/usr/bin/arch -k       = unknown
/usr/convex/getsysinfo = unknown
/usr/bin/hostinfo      = unknown
/bin/machine           = unknown
/usr/bin/oslevel       = unknown
/bin/universe          = unknown

PATH: /home/cangkui/bin
PATH: /usr/local/bin
PATH: /usr/bin
PATH: /usr/local/sbin
PATH: /usr/sbin
PATH: /home/cangkui/bin
PATH: /usr/bin
PATH: /usr/sbin
PATH: /sbin


## ----------- ##
## Core tests. ##
## ----------- ##

configure:2569: checking whether make supports nested variables
configure:2586: result: yes
configure:2639: checking build system type
configure:2653: result: x86_64-unknown-linux-gnu
configure:2673: checking host system type
configure:2686: result: x86_64-unknown-linux-gnu
configure:2722: checking for a BSD-compatible install
configure:2790: result: /usr/bin/install -c
configure:2801: checking whether build environment is sane
configure:2856: result: yes
configure:2894: WARNING: 'missing' script is too old or missing
configure:3007: checking for a thread-safe mkdir -p
configure:3046: result: /usr/bin/mkdir -p
configure:3053: checking for gawk
configure:3069: found /usr/bin/gawk
configure:3080: result: gawk
configure:3091: checking whether make sets $(MAKE)
configure:3113: result: yes
configure:3308: checking for g++
configure:3324: found /usr/bin/g++
configure:3335: result: g++
configure:3362: checking for C++ compiler version
configure:3371: g++ --version >&5
g++ (GCC) 4.8.3 20140911 (Red Hat 4.8.3-9)
Copyright (C) 2013 Free Software Foundation, Inc.
This is free software; see the source for copying conditions.  There is NO
warranty; not even for MERCHANTABILITY or FITNESS FOR A PARTICULAR PURPOSE.

configure:3382: $? = 0
configure:3371: g++ -v >&5
Using built-in specs.
COLLECT_GCC=g++
COLLECT_LTO_WRAPPER=/usr/libexec/gcc/x86_64-redhat-linux/4.8.3/lto-wrapper
Target: x86_64-redhat-linux
Configured with: ../configure --prefix=/usr --mandir=/usr/share/man --infodir=/usr/share/info --with-bugurl=http://bugzilla.redhat.com/bugzilla --enable-bootstrap --enable-shared --enable-threads=posix --enable-checking=release --with-system-zlib --enable-__cxa_atexit --disable-libunwind-exceptions --enable-gnu-unique-object --enable-linker-build-id --with-linker-hash-style=gnu --enable-languages=c,c++,objc,obj-c++,java,fortran,ada,go,lto --enable-plugin --enable-initfini-array --disable-libgcj --with-isl=/builddir/build/BUILD/gcc-4.8.3-20140911/obj-x86_64-redhat-linux/isl-install --with-cloog=/builddir/build/BUILD/gcc-4.8.3-20140911/obj-x86_64-redhat-linux/cloog-install --enable-gnu-indirect-function --with-tune=generic --with-arch_32=x86-64 --build=x86_64-redhat-linux
Thread model: posix
gcc version 4.8.3 20140911 (Red Hat 4.8.3-9) (GCC) 
configure:3382: $? = 0
configure:3371: g++ -V >&5
g++: error: unrecognized command line option '-V'
g++: fatal error: no input files
compilation terminated.
configure:3382: $? = 4
configure:3371: g++ -qversion >&5
g++: error: unrecognized command line option '-qversion'
g++: fatal error: no input files
compilation terminated.
configure:3382: $? = 4
configure:3402: checking whether the C++ compiler works
configure:3424: g++    conftest.cpp  >&5
configure:3428: $? = 0
configure:3476: result: yes
configure:3479: checking for C++ compiler default output file name
configure:3481: result: a.out
configure:3487: checking for suffix of executables
configure:3494: g++ -o conftest    conftest.cpp  >&5
configure:3498: $? = 0
configure:3520: result: 
configure:3542: checking whether we are cross compiling
configure:3550: g++ -o conftest    conftest.cpp  >&5
configure:3554: $? = 0
configure:3561: ./conftest
configure:3565: $? = 0
configure:3580: result: no
configure:3585: checking for suffix of object files
configure:3607: g++ -c   conftest.cpp >&5
configure:3611: $? = 0
configure:3632: result: o
configure:3636: checking whether we are using the GNU C++ compiler
configure:3655: g++ -c   conftest.cpp >&5
configure:3655: $? = 0
configure:3664: result: yes
configure:3673: checking whether g++ accepts -g
configure:3693: g++ -c -g  conftest.cpp >&5
configure:3693: $? = 0
configure:3734: result: yes
configure:3768: checking for style of include used by make
configure:3796: result: GNU
configure:3822: checking dependency style of g++
configure:3933: result: gcc3
configure:3996: checking for gcc
configure:4012: found /usr/bin/gcc
configure:4023: result: gcc
configure:4252: checking for C compiler version
configure:4261: gcc --version >&5
gcc (GCC) 4.8.3 20140911 (Red Hat 4.8.3-9)
Copyright (C) 2013 Free Software Foundation, Inc.
This is free software; see the source for copying conditions.  There is NO
warranty; not even for MERCHANTABILITY or FITNESS FOR A PARTICULAR PURPOSE.

configure:4272: $? = 0
configure:4261: gcc -v >&5
Using built-in specs.
COLLECT_GCC=gcc
COLLECT_LTO_WRAPPER=/usr/libexec/gcc/x86_64-redhat-linux/4.8.3/lto-wrapper
Target: x86_64-redhat-linux
Configured with: ../configure --prefix=/usr --mandir=/usr/share/man --infodir=/usr/share/info --with-bugurl=http://bugzilla.redhat.com/bugzilla --enable-bootstrap --enable-shared --enable-threads=posix --enable-checking=release --with-system-zlib --enable-__cxa_atexit --disable-libunwind-exceptions --enable-gnu-unique-object --enable-linker-build-id --with-linker-hash-style=gnu --enable-languages=c,c++,objc,obj-c++,java,fortran,ada,go,lto --enable-plugin --enable-initfini-array --disable-libgcj --with-isl=/builddir/build/BUILD/gcc-4.8.3-20140911/obj-x86_64-redhat-linux/isl-install --with-cloog=/builddir/build/BUILD/gcc-4.8.3-20140911/obj-x86_64-redhat-linux/cloog-install --enable-gnu-indirect-function --with-tune=generic --with-arch_32=x86-64 --build=x86_64-redhat-linux
Thread model: posix
gcc version 4.8.3 20140911 (Red Hat 4.8.3-9) (GCC) 
configure:4272: $? = 0
configure:4261: gcc -V >&5
gcc: error: unrecognized command line option '-V'
gcc: fatal error: no input files
compilation terminated.
configure:4272: $? = 4
configure:4261: gcc -qversion >&5
gcc: error: unrecognized command line option '-qversion'
gcc: fatal error: no input files
compilation terminated.
configure:4272: $? = 4
configure:4276: checking whether we are using the GNU C compiler
configure:4295: gcc -c   conftest.c >&5
configure:4295: $? = 0
configure:4304: result: yes
configure:4313: checking whether gcc accepts -g
configure:4333: gcc -c -g  conftest.c >&5
configure:4333: $? = 0
configure:4374: result: yes
configure:4391: checking for gcc option to accept ISO C89
configure:4454: gcc  -c -g -O2  conftest.c >&5
configure:4454: $? = 0
configure:4467: result: none needed
configure:4492: checking whether gcc understands -c and -o together
configure:4514: gcc -c conftest.c -o conftest2.o
configure:4517: $? = 0
configure:4514: gcc -c conftest.c -o conftest2.o
configure:4517: $? = 0
configure:4529: result: yes
configure:4548: checking dependency style of gcc
configure:4659: result: gcc3
configure:4680: checking how to run the C preprocessor
configure:4711: gcc -E  conftest.c
configure:4711: $? = 0
configure:4725: gcc -E  conftest.c
conftest.c:11:28: fatal error: ac_nonexistent.h: No such file or directory
 #include <ac_nonexistent.h>
                            ^
compilation terminated.
configure:4725: $? = 1
configure: failed program was:
| /* confdefs.h */
| #define PACKAGE_NAME "ctemplate"
| #define PACKAGE_TARNAME "ctemplate"
| #define PACKAGE_VERSION "2.3"
| #define PACKAGE_STRING "ctemplate 2.3"
| #define PACKAGE_BUGREPORT "google-ctemplate@googlegroups.com"
| #define PACKAGE_URL ""
| #define PACKAGE "ctemplate"
| #define VERSION "2.3"
| /* end confdefs.h.  */
| #include <ac_nonexistent.h>
configure:4750: result: gcc -E
configure:4770: gcc -E  conftest.c
configure:4770: $? = 0
configure:4784: gcc -E  conftest.c
conftest.c:11:28: fatal error: ac_nonexistent.h: No such file or directory
 #include <ac_nonexistent.h>
                            ^
compilation terminated.
configure:4784: $? = 1
configure: failed program was:
| /* confdefs.h */
| #define PACKAGE_NAME "ctemplate"
| #define PACKAGE_TARNAME "ctemplate"
| #define PACKAGE_VERSION "2.3"
| #define PACKAGE_STRING "ctemplate 2.3"
| #define PACKAGE_BUGREPORT "google-ctemplate@googlegroups.com"
| #define PACKAGE_URL ""
| #define PACKAGE "ctemplate"
| #define VERSION "2.3"
| /* end confdefs.h.  */
| #include <ac_nonexistent.h>
configure:4930: checking for a sed that does not truncate output
configure:4994: result: /usr/bin/sed
configure:5012: checking for grep that handles long lines and -e
configure:5070: result: /usr/bin/grep
configure:5075: checking for egrep
configure:5137: result: /usr/bin/grep -E
configure:5142: checking for fgrep
configure:5204: result: /usr/bin/grep -F
configure:5239: checking for ld used by gcc
configure:5306: result: /usr/bin/ld
configure:5313: checking if the linker (/usr/bin/ld) is GNU ld
configure:5328: result: yes
configure:5340: checking for BSD- or MS-compatible name lister (nm)
configure:5389: result: /usr/bin/nm -B
configure:5507: checking the name lister (/usr/bin/nm -B) interface
configure:5514: gcc -c -g -O2  conftest.c >&5
configure:5517: /usr/bin/nm -B "conftest.o"
configure:5520: output
0000000000000000 B some_variable
configure:5527: result: BSD nm
configure:5530: checking whether ln -s works
configure:5534: result: yes
configure:5542: checking the maximum length of command line arguments
configure:5662: result: 1572864
configure:5679: checking whether the shell understands some XSI constructs
configure:5689: result: yes
configure:5693: checking whether the shell understands "+="
configure:5699: result: yes
configure:5734: checking for /usr/bin/ld option to reload object files
configure:5741: result: -r
configure:5810: checking for objdump
configure:5826: found /usr/bin/objdump
configure:5837: result: objdump
configure:5869: checking how to recognize dependent libraries
configure:6065: result: pass_all
configure:6125: checking for ar
configure:6141: found /usr/bin/ar
configure:6152: result: ar
configure:6230: checking for strip
configure:6246: found /usr/bin/strip
configure:6257: result: strip
configure:6329: checking for ranlib
configure:6345: found /usr/bin/ranlib
configure:6356: result: ranlib
configure:6446: checking command to parse /usr/bin/nm -B output from gcc object
configure:6564: gcc -c -g -O2  conftest.c >&5
configure:6567: $? = 0
configure:6571: /usr/bin/nm -B conftest.o \| sed -n -e 's/^.*[	 ]\([ABCDGIRSTW][ABCDGIRSTW]*\)[	 ][	 ]*\([_A-Za-z][_A-Za-z0-9]*\)$/\1 \2 \2/p' \> conftest.nm
configure:6574: $? = 0
configure:6628: gcc -o conftest -g -O2   conftest.c conftstm.o >&5
configure:6631: $? = 0
configure:6669: result: ok
configure:6765: gcc -c -g -O2  conftest.c >&5
configure:6768: $? = 0
configure:7474: checking for ANSI C header files
configure:7494: gcc -c -g -O2  conftest.c >&5
configure:7494: $? = 0
configure:7567: gcc -o conftest -g -O2   conftest.c  >&5
configure:7567: $? = 0
configure:7567: ./conftest
configure:7567: $? = 0
configure:7578: result: yes
configure:7591: checking for sys/types.h
configure:7591: gcc -c -g -O2  conftest.c >&5
configure:7591: $? = 0
configure:7591: result: yes
configure:7591: checking for sys/stat.h
configure:7591: gcc -c -g -O2  conftest.c >&5
configure:7591: $? = 0
configure:7591: result: yes
configure:7591: checking for stdlib.h
configure:7591: gcc -c -g -O2  conftest.c >&5
configure:7591: $? = 0
configure:7591: result: yes
configure:7591: checking for string.h
configure:7591: gcc -c -g -O2  conftest.c >&5
configure:7591: $? = 0
configure:7591: result: yes
configure:7591: checking for memory.h
configure:7591: gcc -c -g -O2  conftest.c >&5
configure:7591: $? = 0
configure:7591: result: yes
configure:7591: checking for strings.h
configure:7591: gcc -c -g -O2  conftest.c >&5
configure:7591: $? = 0
configure:7591: result: yes
configure:7591: checking for inttypes.h
configure:7591: gcc -c -g -O2  conftest.c >&5
configure:7591: $? = 0
configure:7591: result: yes
configure:7591: checking for stdint.h
configure:7591: gcc -c -g -O2  conftest.c >&5
configure:7591: $? = 0
configure:7591: result: yes
configure:7591: checking for unistd.h
configure:7591: gcc -c -g -O2  conftest.c >&5
configure:7591: $? = 0
configure:7591: result: yes
configure:7605: checking for dlfcn.h
configure:7605: gcc -c -g -O2  conftest.c >&5
configure:7605: $? = 0
configure:7605: result: yes
configure:7730: checking for C++ compiler version
configure:7739: g++ --version >&5
g++ (GCC) 4.8.3 20140911 (Red Hat 4.8.3-9)
Copyright (C) 2013 Free Software Foundation, Inc.
This is free software; see the source for copying conditions.  There is NO
warranty; not even for MERCHANTABILITY or FITNESS FOR A PARTICULAR PURPOSE.

configure:7750: $? = 0
configure:7739: g++ -v >&5
Using built-in specs.
COLLECT_GCC=g++
COLLECT_LTO_WRAPPER=/usr/libexec/gcc/x86_64-redhat-linux/4.8.3/lto-wrapper
Target: x86_64-redhat-linux
Configured with: ../configure --prefix=/usr --mandir=/usr/share/man --infodir=/usr/share/info --with-bugurl=http://bugzilla.redhat.com/bugzilla --enable-bootstrap --enable-shared --enable-threads=posix --enable-checking=release --with-system-zlib --enable-__cxa_atexit --disable-libunwind-exceptions --enable-gnu-unique-object --enable-linker-build-id --with-linker-hash-style=gnu --enable-languages=c,c++,objc,obj-c++,java,fortran,ada,go,lto --enable-plugin --enable-initfini-array --disable-libgcj --with-isl=/builddir/build/BUILD/gcc-4.8.3-20140911/obj-x86_64-redhat-linux/isl-install --with-cloog=/builddir/build/BUILD/gcc-4.8.3-20140911/obj-x86_64-redhat-linux/cloog-install --enable-gnu-indirect-function --with-tune=generic --with-arch_32=x86-64 --build=x86_64-redhat-linux
Thread model: posix
gcc version 4.8.3 20140911 (Red Hat 4.8.3-9) (GCC) 
configure:7750: $? = 0
configure:7739: g++ -V >&5
g++: error: unrecognized command line option '-V'
g++: fatal error: no input files
compilation terminated.
configure:7750: $? = 4
configure:7739: g++ -qversion >&5
g++: error: unrecognized command line option '-qversion'
g++: fatal error: no input files
compilation terminated.
configure:7750: $? = 4
configure:7754: checking whether we are using the GNU C++ compiler
configure:7782: result: yes
configure:7791: checking whether g++ accepts -g
configure:7852: result: yes
configure:7877: checking dependency style of g++
configure:7988: result: gcc3
configure:8011: checking how to run the C++ preprocessor
configure:8038: g++ -E  conftest.cpp
configure:8038: $? = 0
configure:8052: g++ -E  conftest.cpp
conftest.cpp:22:28: fatal error: ac_nonexistent.h: No such file or directory
 #include <ac_nonexistent.h>
                            ^
compilation terminated.
configure:8052: $? = 1
configure: failed program was:
| /* confdefs.h */
| #define PACKAGE_NAME "ctemplate"
| #define PACKAGE_TARNAME "ctemplate"
| #define PACKAGE_VERSION "2.3"
| #define PACKAGE_STRING "ctemplate 2.3"
| #define PACKAGE_BUGREPORT "google-ctemplate@googlegroups.com"
| #define PACKAGE_URL ""
| #define PACKAGE "ctemplate"
| #define VERSION "2.3"
| #define STDC_HEADERS 1
| #define HAVE_SYS_TYPES_H 1
| #define HAVE_SYS_STAT_H 1
| #define HAVE_STDLIB_H 1
| #define HAVE_STRING_H 1
| #define HAVE_MEMORY_H 1
| #define HAVE_STRINGS_H 1
| #define HAVE_INTTYPES_H 1
| #define HAVE_STDINT_H 1
| #define HAVE_UNISTD_H 1
| #define HAVE_DLFCN_H 1
| /* end confdefs.h.  */
| #include <ac_nonexistent.h>
configure:8077: result: g++ -E
configure:8097: g++ -E  conftest.cpp
configure:8097: $? = 0
configure:8111: g++ -E  conftest.cpp
conftest.cpp:22:28: fatal error: ac_nonexistent.h: No such file or directory
 #include <ac_nonexistent.h>
                            ^
compilation terminated.
configure:8111: $? = 1
configure: failed program was:
| /* confdefs.h */
| #define PACKAGE_NAME "ctemplate"
| #define PACKAGE_TARNAME "ctemplate"
| #define PACKAGE_VERSION "2.3"
| #define PACKAGE_STRING "ctemplate 2.3"
| #define PACKAGE_BUGREPORT "google-ctemplate@googlegroups.com"
| #define PACKAGE_URL ""
| #define PACKAGE "ctemplate"
| #define VERSION "2.3"
| #define STDC_HEADERS 1
| #define HAVE_SYS_TYPES_H 1
| #define HAVE_SYS_STAT_H 1
| #define HAVE_STDLIB_H 1
| #define HAVE_STRING_H 1
| #define HAVE_MEMORY_H 1
| #define HAVE_STRINGS_H 1
| #define HAVE_INTTYPES_H 1
| #define HAVE_STDINT_H 1
| #define HAVE_UNISTD_H 1
| #define HAVE_DLFCN_H 1
| /* end confdefs.h.  */
| #include <ac_nonexistent.h>
configure:8288: checking for objdir
configure:8303: result: .libs
configure:8599: checking if gcc supports -fno-rtti -fno-exceptions
configure:8617: gcc -c -g -O2  -fno-rtti -fno-exceptions conftest.c >&5
cc1: warning: command line option '-fno-rtti' is valid for C++/ObjC++ but not for C [enabled by default]
configure:8621: $? = 0
configure:8634: result: no
configure:8654: checking for gcc option to produce PIC
configure:8926: result: -fPIC -DPIC
configure:8938: checking if gcc PIC flag -fPIC -DPIC works
configure:8956: gcc -c -g -O2  -fPIC -DPIC -DPIC conftest.c >&5
configure:8960: $? = 0
configure:8973: result: yes
configure:8997: checking if gcc static flag -static works
configure:9025: result: no
configure:9040: checking if gcc supports -c -o file.o
configure:9061: gcc -c -g -O2  -o out/conftest2.o conftest.c >&5
configure:9065: $? = 0
configure:9087: result: yes
configure:9095: checking if gcc supports -c -o file.o
configure:9142: result: yes
configure:9175: checking whether the gcc linker (/usr/bin/ld -m elf_x86_64) supports shared libraries
configure:10166: result: yes
configure:10203: checking whether -lc should be explicitly linked in
configure:10208: gcc -c -g -O2  conftest.c >&5
configure:10211: $? = 0
configure:10226: gcc -shared conftest.o  -v -Wl,-soname -Wl,conftest -o conftest 2\>\&1 \| /usr/bin/grep  -lc  \>/dev/null 2\>\&1
configure:10229: $? = 0
configure:10241: result: no
configure:10405: checking dynamic linker characteristics
configure:10838: gcc -o conftest -g -O2   -Wl,-rpath -Wl,/foo conftest.c  >&5
configure:10838: $? = 0
configure:11068: result: GNU/Linux ld.so
configure:11170: checking how to hardcode library paths into programs
configure:11195: result: immediate
configure:11715: checking whether stripping libraries is possible
configure:11720: result: yes
configure:11755: checking if libtool supports shared libraries
configure:11757: result: yes
configure:11760: checking whether to build shared libraries
configure:11781: result: yes
configure:11784: checking whether to build static libraries
configure:11788: result: yes
configure:11938: checking for ld used by g++
configure:12005: result: /usr/bin/ld -m elf_x86_64
configure:12012: checking if the linker (/usr/bin/ld -m elf_x86_64) is GNU ld
configure:12027: result: yes
configure:12082: checking whether the g++ linker (/usr/bin/ld -m elf_x86_64) supports shared libraries
configure:12995: result: yes
configure:13023: g++ -c -g -O2  conftest.cpp >&5
configure:13026: $? = 0
configure:13208: checking for g++ option to produce PIC
configure:13525: result: -fPIC -DPIC
configure:13534: checking if g++ PIC flag -fPIC -DPIC works
configure:13552: g++ -c -g -O2  -fPIC -DPIC -DPIC conftest.cpp >&5
configure:13556: $? = 0
configure:13569: result: yes
configure:13590: checking if g++ static flag -static works
configure:13618: result: no
configure:13630: checking if g++ supports -c -o file.o
configure:13651: g++ -c -g -O2  -o out/conftest2.o conftest.cpp >&5
configure:13655: $? = 0
configure:13677: result: yes
configure:13682: checking if g++ supports -c -o file.o
configure:13729: result: yes
configure:13759: checking whether the g++ linker (/usr/bin/ld -m elf_x86_64) supports shared libraries
configure:13788: result: yes
configure:13925: checking dynamic linker characteristics
configure:14306: g++ -o conftest -g -O2   -Wl,-rpath -Wl,/foo conftest.cpp  >&5
configure:14306: $? = 0
configure:14536: result: GNU/Linux ld.so
configure:14587: checking how to hardcode library paths into programs
configure:14612: result: immediate
configure:14673: checking whether ln -s works
configure:14677: result: yes
configure:14686: checking for __attribute__
configure:14705: gcc -c -g -O2  conftest.c >&5
configure:14705: $? = 0
configure:14719: result: yes
configure:14724: checking for ANSI C header files
configure:14828: result: yes
configure:14838: checking printf format code for printing a size_t and ssize_t
configure:14854: gcc -c -g -O2  conftest.c >&5
conftest.c: In function 'main':
conftest.c:29:49: error: invalid operands to binary - (have 'unsigned int *' and 'size_t *')
 unsigned int v1 = 0; size_t v2 = 0; return (&v1 - &v2)
                                                 ^
configure:14854: $? = 1
configure: failed program was:
| /* confdefs.h */
| #define PACKAGE_NAME "ctemplate"
| #define PACKAGE_TARNAME "ctemplate"
| #define PACKAGE_VERSION "2.3"
| #define PACKAGE_STRING "ctemplate 2.3"
| #define PACKAGE_BUGREPORT "google-ctemplate@googlegroups.com"
| #define PACKAGE_URL ""
| #define PACKAGE "ctemplate"
| #define VERSION "2.3"
| #define STDC_HEADERS 1
| #define HAVE_SYS_TYPES_H 1
| #define HAVE_SYS_STAT_H 1
| #define HAVE_STDLIB_H 1
| #define HAVE_STRING_H 1
| #define HAVE_MEMORY_H 1
| #define HAVE_STRINGS_H 1
| #define HAVE_INTTYPES_H 1
| #define HAVE_STDINT_H 1
| #define HAVE_UNISTD_H 1
| #define HAVE_DLFCN_H 1
| #define LT_OBJDIR ".libs/"
| #define HAVE___ATTRIBUTE__ 1
| #define STDC_HEADERS 1
| /* end confdefs.h.  */
| #include <stddef.h>
| int
| main ()
| {
| unsigned int v1 = 0; size_t v2 = 0; return (&v1 - &v2)
|   ;
|   return 0;
| }
configure:14869: gcc -c -g -O2  conftest.c >&5
configure:14869: $? = 0
configure:14884: gcc -c -g -O2  conftest.c >&5
conftest.c: In function 'main':
conftest.c:29:55: error: invalid operands to binary - (have 'long long unsigned int *' and 'size_t *')
 unsigned long long v1 = 0; size_t v2 = 0; return (&v1 - &v2)
                                                       ^
configure:14884: $? = 1
configure: failed program was:
| /* confdefs.h */
| #define PACKAGE_NAME "ctemplate"
| #define PACKAGE_TARNAME "ctemplate"
| #define PACKAGE_VERSION "2.3"
| #define PACKAGE_STRING "ctemplate 2.3"
| #define PACKAGE_BUGREPORT "google-ctemplate@googlegroups.com"
| #define PACKAGE_URL ""
| #define PACKAGE "ctemplate"
| #define VERSION "2.3"
| #define STDC_HEADERS 1
| #define HAVE_SYS_TYPES_H 1
| #define HAVE_SYS_STAT_H 1
| #define HAVE_STDLIB_H 1
| #define HAVE_STRING_H 1
| #define HAVE_MEMORY_H 1
| #define HAVE_STRINGS_H 1
| #define HAVE_INTTYPES_H 1
| #define HAVE_STDINT_H 1
| #define HAVE_UNISTD_H 1
| #define HAVE_DLFCN_H 1
| #define LT_OBJDIR ".libs/"
| #define HAVE___ATTRIBUTE__ 1
| #define STDC_HEADERS 1
| /* end confdefs.h.  */
| #include <stddef.h>
| int
| main ()
| {
| unsigned long long v1 = 0; size_t v2 = 0; return (&v1 - &v2)
|   ;
|   return 0;
| }
configure:14890: result: l
configure:14916: checking for getopt_long
configure:14916: gcc -o conftest -g -O2   conftest.c  >&5
configure:14916: $? = 0
configure:14916: result: yes
configure:14916: checking for getopt
configure:14916: gcc -o conftest -g -O2   conftest.c  >&5
configure:14916: $? = 0
configure:14916: result: yes
configure:14927: checking getopt.h usability
configure:14927: gcc -c -g -O2  conftest.c >&5
configure:14927: $? = 0
configure:14927: result: yes
configure:14927: checking getopt.h presence
configure:14927: gcc -E  conftest.c
configure:14927: $? = 0
configure:14927: result: yes
configure:14927: checking for getopt.h
configure:14927: result: yes
configure:14939: checking utime.h usability
configure:14939: gcc -c -g -O2  conftest.c >&5
configure:14939: $? = 0
configure:14939: result: yes
configure:14939: checking utime.h presence
configure:14939: gcc -E  conftest.c
configure:14939: $? = 0
configure:14939: result: yes
configure:14939: checking for utime.h
configure:14939: result: yes
configure:14952: checking for uint32_t
configure:14952: gcc -c -g -O2  conftest.c >&5
configure:14952: $? = 0
configure:14952: gcc -c -g -O2  conftest.c >&5
conftest.c: In function 'main':
conftest.c:68:23: error: expected expression before ')' token
 if (sizeof ((uint32_t)))
                       ^
configure:14952: $? = 1
configure: failed program was:
| /* confdefs.h */
| #define PACKAGE_NAME "ctemplate"
| #define PACKAGE_TARNAME "ctemplate"
| #define PACKAGE_VERSION "2.3"
| #define PACKAGE_STRING "ctemplate 2.3"
| #define PACKAGE_BUGREPORT "google-ctemplate@googlegroups.com"
| #define PACKAGE_URL ""
| #define PACKAGE "ctemplate"
| #define VERSION "2.3"
| #define STDC_HEADERS 1
| #define HAVE_SYS_TYPES_H 1
| #define HAVE_SYS_STAT_H 1
| #define HAVE_STDLIB_H 1
| #define HAVE_STRING_H 1
| #define HAVE_MEMORY_H 1
| #define HAVE_STRINGS_H 1
| #define HAVE_INTTYPES_H 1
| #define HAVE_STDINT_H 1
| #define HAVE_UNISTD_H 1
| #define HAVE_DLFCN_H 1
| #define LT_OBJDIR ".libs/"
| #define HAVE___ATTRIBUTE__ 1
| #define STDC_HEADERS 1
| #define PRIuS "lu"
| #define PRIxS "lx"
| #define PRIdS "ld"
| #define HAVE_GETOPT_LONG 1
| #define HAVE_GETOPT 1
| #define HAVE_GETOPT_H 1
| #define HAVE_UTIME_H 1
| /* end confdefs.h.  */
| #include <stdio.h>
| #ifdef HAVE_SYS_TYPES_H
| # include <sys/types.h>
| #endif
| #ifdef HAVE_SYS_STAT_H
| # include <sys/stat.h>
| #endif
| #ifdef STDC_HEADERS
| # include <stdlib.h>
| # include <stddef.h>
| #else
| # ifdef HAVE_STDLIB_H
| #  include <stdlib.h>
| # endif
| #endif
| #ifdef HAVE_STRING_H
| # if !defined STDC_HEADERS && defined HAVE_MEMORY_H
| #  include <memory.h>
| # endif
| # include <string.h>
| #endif
| #ifdef HAVE_STRINGS_H
| # include <strings.h>
| #endif
| #ifdef HAVE_INTTYPES_H
| # include <inttypes.h>
| #endif
| #ifdef HAVE_STDINT_H
| # include <stdint.h>
| #endif
| #ifdef HAVE_UNISTD_H
| # include <unistd.h>
| #endif
| int
| main ()
| {
| if (sizeof ((uint32_t)))
| 	    return 0;
|   ;
|   return 0;
| }
configure:14952: result: yes
configure:14962: checking for u_int32_t
configure:14962: gcc -c -g -O2  conftest.c >&5
configure:14962: $? = 0
configure:14962: gcc -c -g -O2  conftest.c >&5
conftest.c: In function 'main':
conftest.c:69:24: error: expected expression before ')' token
 if (sizeof ((u_int32_t)))
                        ^
configure:14962: $? = 1
configure: failed program was:
| /* confdefs.h */
| #define PACKAGE_NAME "ctemplate"
| #define PACKAGE_TARNAME "ctemplate"
| #define PACKAGE_VERSION "2.3"
| #define PACKAGE_STRING "ctemplate 2.3"
| #define PACKAGE_BUGREPORT "google-ctemplate@googlegroups.com"
| #define PACKAGE_URL ""
| #define PACKAGE "ctemplate"
| #define VERSION "2.3"
| #define STDC_HEADERS 1
| #define HAVE_SYS_TYPES_H 1
| #define HAVE_SYS_STAT_H 1
| #define HAVE_STDLIB_H 1
| #define HAVE_STRING_H 1
| #define HAVE_MEMORY_H 1
| #define HAVE_STRINGS_H 1
| #define HAVE_INTTYPES_H 1
| #define HAVE_STDINT_H 1
| #define HAVE_UNISTD_H 1
| #define HAVE_DLFCN_H 1
| #define LT_OBJDIR ".libs/"
| #define HAVE___ATTRIBUTE__ 1
| #define STDC_HEADERS 1
| #define PRIuS "lu"
| #define PRIxS "lx"
| #define PRIdS "ld"
| #define HAVE_GETOPT_LONG 1
| #define HAVE_GETOPT 1
| #define HAVE_GETOPT_H 1
| #define HAVE_UTIME_H 1
| #define HAVE_UINT32_T 1
| /* end confdefs.h.  */
| #include <stdio.h>
| #ifdef HAVE_SYS_TYPES_H
| # include <sys/types.h>
| #endif
| #ifdef HAVE_SYS_STAT_H
| # include <sys/stat.h>
| #endif
| #ifdef STDC_HEADERS
| # include <stdlib.h>
| # include <stddef.h>
| #else
| # ifdef HAVE_STDLIB_H
| #  include <stdlib.h>
| # endif
| #endif
| #ifdef HAVE_STRING_H
| # if !defined STDC_HEADERS && defined HAVE_MEMORY_H
| #  include <memory.h>
| # endif
| # include <string.h>
| #endif
| #ifdef HAVE_STRINGS_H
| # include <strings.h>
| #endif
| #ifdef HAVE_INTTYPES_H
| # include <inttypes.h>
| #endif
| #ifdef HAVE_STDINT_H
| # include <stdint.h>
| #endif
| #ifdef HAVE_UNISTD_H
| # include <unistd.h>
| #endif
| int
| main ()
| {
| if (sizeof ((u_int32_t)))
| 	    return 0;
|   ;
|   return 0;
| }
configure:14962: result: yes
configure:14972: checking for __int32
configure:14972: gcc -c -g -O2  conftest.c >&5
conftest.c: In function 'main':
conftest.c:70:13: error: '__int32' undeclared (first use in this function)
 if (sizeof (__int32))
             ^
conftest.c:70:13: note: each undeclared identifier is reported only once for each function it appears in
configure:14972: $? = 1
configure: failed program was:
| /* confdefs.h */
| #define PACKAGE_NAME "ctemplate"
| #define PACKAGE_TARNAME "ctemplate"
| #define PACKAGE_VERSION "2.3"
| #define PACKAGE_STRING "ctemplate 2.3"
| #define PACKAGE_BUGREPORT "google-ctemplate@googlegroups.com"
| #define PACKAGE_URL ""
| #define PACKAGE "ctemplate"
| #define VERSION "2.3"
| #define STDC_HEADERS 1
| #define HAVE_SYS_TYPES_H 1
| #define HAVE_SYS_STAT_H 1
| #define HAVE_STDLIB_H 1
| #define HAVE_STRING_H 1
| #define HAVE_MEMORY_H 1
| #define HAVE_STRINGS_H 1
| #define HAVE_INTTYPES_H 1
| #define HAVE_STDINT_H 1
| #define HAVE_UNISTD_H 1
| #define HAVE_DLFCN_H 1
| #define LT_OBJDIR ".libs/"
| #define HAVE___ATTRIBUTE__ 1
| #define STDC_HEADERS 1
| #define PRIuS "lu"
| #define PRIxS "lx"
| #define PRIdS "ld"
| #define HAVE_GETOPT_LONG 1
| #define HAVE_GETOPT 1
| #define HAVE_GETOPT_H 1
| #define HAVE_UTIME_H 1
| #define HAVE_UINT32_T 1
| #define HAVE_U_INT32_T 1
| /* end confdefs.h.  */
| #include <stdio.h>
| #ifdef HAVE_SYS_TYPES_H
| # include <sys/types.h>
| #endif
| #ifdef HAVE_SYS_STAT_H
| # include <sys/stat.h>
| #endif
| #ifdef STDC_HEADERS
| # include <stdlib.h>
| # include <stddef.h>
| #else
| # ifdef HAVE_STDLIB_H
| #  include <stdlib.h>
| # endif
| #endif
| #ifdef HAVE_STRING_H
| # if !defined STDC_HEADERS && defined HAVE_MEMORY_H
| #  include <memory.h>
| # endif
| # include <string.h>
| #endif
| #ifdef HAVE_STRINGS_H
| # include <strings.h>
| #endif
| #ifdef HAVE_INTTYPES_H
| # include <inttypes.h>
| #endif
| #ifdef HAVE_STDINT_H
| # include <stdint.h>
| #endif
| #ifdef HAVE_UNISTD_H
| # include <unistd.h>
| #endif
| int
| main ()
| {
| if (sizeof (__int32))
| 	 return 0;
|   ;
|   return 0;
| }
configure:14972: result: no
configure:14982: checking for uint64_t
configure:14982: gcc -c -g -O2  conftest.c >&5
configure:14982: $? = 0
configure:14982: gcc -c -g -O2  conftest.c >&5
conftest.c: In function 'main':
conftest.c:70:23: error: expected expression before ')' token
 if (sizeof ((uint64_t)))
                       ^
configure:14982: $? = 1
configure: failed program was:
| /* confdefs.h */
| #define PACKAGE_NAME "ctemplate"
| #define PACKAGE_TARNAME "ctemplate"
| #define PACKAGE_VERSION "2.3"
| #define PACKAGE_STRING "ctemplate 2.3"
| #define PACKAGE_BUGREPORT "google-ctemplate@googlegroups.com"
| #define PACKAGE_URL ""
| #define PACKAGE "ctemplate"
| #define VERSION "2.3"
| #define STDC_HEADERS 1
| #define HAVE_SYS_TYPES_H 1
| #define HAVE_SYS_STAT_H 1
| #define HAVE_STDLIB_H 1
| #define HAVE_STRING_H 1
| #define HAVE_MEMORY_H 1
| #define HAVE_STRINGS_H 1
| #define HAVE_INTTYPES_H 1
| #define HAVE_STDINT_H 1
| #define HAVE_UNISTD_H 1
| #define HAVE_DLFCN_H 1
| #define LT_OBJDIR ".libs/"
| #define HAVE___ATTRIBUTE__ 1
| #define STDC_HEADERS 1
| #define PRIuS "lu"
| #define PRIxS "lx"
| #define PRIdS "ld"
| #define HAVE_GETOPT_LONG 1
| #define HAVE_GETOPT 1
| #define HAVE_GETOPT_H 1
| #define HAVE_UTIME_H 1
| #define HAVE_UINT32_T 1
| #define HAVE_U_INT32_T 1
| /* end confdefs.h.  */
| #include <stdio.h>
| #ifdef HAVE_SYS_TYPES_H
| # include <sys/types.h>
| #endif
| #ifdef HAVE_SYS_STAT_H
| # include <sys/stat.h>
| #endif
| #ifdef STDC_HEADERS
| # include <stdlib.h>
| # include <stddef.h>
| #else
| # ifdef HAVE_STDLIB_H
| #  include <stdlib.h>
| # endif
| #endif
| #ifdef HAVE_STRING_H
| # if !defined STDC_HEADERS && defined HAVE_MEMORY_H
| #  include <memory.h>
| # endif
| # include <string.h>
| #endif
| #ifdef HAVE_STRINGS_H
| # include <strings.h>
| #endif
| #ifdef HAVE_INTTYPES_H
| # include <inttypes.h>
| #endif
| #ifdef HAVE_STDINT_H
| # include <stdint.h>
| #endif
| #ifdef HAVE_UNISTD_H
| # include <unistd.h>
| #endif
| int
| main ()
| {
| if (sizeof ((uint64_t)))
| 	    return 0;
|   ;
|   return 0;
| }
configure:14982: result: yes
configure:14992: checking for u_int64_t
configure:14992: gcc -c -g -O2  conftest.c >&5
configure:14992: $? = 0
configure:14992: gcc -c -g -O2  conftest.c >&5
conftest.c: In function 'main':
conftest.c:71:24: error: expected expression before ')' token
 if (sizeof ((u_int64_t)))
                        ^
configure:14992: $? = 1
configure: failed program was:
| /* confdefs.h */
| #define PACKAGE_NAME "ctemplate"
| #define PACKAGE_TARNAME "ctemplate"
| #define PACKAGE_VERSION "2.3"
| #define PACKAGE_STRING "ctemplate 2.3"
| #define PACKAGE_BUGREPORT "google-ctemplate@googlegroups.com"
| #define PACKAGE_URL ""
| #define PACKAGE "ctemplate"
| #define VERSION "2.3"
| #define STDC_HEADERS 1
| #define HAVE_SYS_TYPES_H 1
| #define HAVE_SYS_STAT_H 1
| #define HAVE_STDLIB_H 1
| #define HAVE_STRING_H 1
| #define HAVE_MEMORY_H 1
| #define HAVE_STRINGS_H 1
| #define HAVE_INTTYPES_H 1
| #define HAVE_STDINT_H 1
| #define HAVE_UNISTD_H 1
| #define HAVE_DLFCN_H 1
| #define LT_OBJDIR ".libs/"
| #define HAVE___ATTRIBUTE__ 1
| #define STDC_HEADERS 1
| #define PRIuS "lu"
| #define PRIxS "lx"
| #define PRIdS "ld"
| #define HAVE_GETOPT_LONG 1
| #define HAVE_GETOPT 1
| #define HAVE_GETOPT_H 1
| #define HAVE_UTIME_H 1
| #define HAVE_UINT32_T 1
| #define HAVE_U_INT32_T 1
| #define HAVE_UINT64_T 1
| /* end confdefs.h.  */
| #include <stdio.h>
| #ifdef HAVE_SYS_TYPES_H
| # include <sys/types.h>
| #endif
| #ifdef HAVE_SYS_STAT_H
| # include <sys/stat.h>
| #endif
| #ifdef STDC_HEADERS
| # include <stdlib.h>
| # include <stddef.h>
| #else
| # ifdef HAVE_STDLIB_H
| #  include <stdlib.h>
| # endif
| #endif
| #ifdef HAVE_STRING_H
| # if !defined STDC_HEADERS && defined HAVE_MEMORY_H
| #  include <memory.h>
| # endif
| # include <string.h>
| #endif
| #ifdef HAVE_STRINGS_H
| # include <strings.h>
| #endif
| #ifdef HAVE_INTTYPES_H
| # include <inttypes.h>
| #endif
| #ifdef HAVE_STDINT_H
| # include <stdint.h>
| #endif
| #ifdef HAVE_UNISTD_H
| # include <unistd.h>
| #endif
| int
| main ()
| {
| if (sizeof ((u_int64_t)))
| 	    return 0;
|   ;
|   return 0;
| }
configure:14992: result: yes
configure:15002: checking for __int64
configure:15002: gcc -c -g -O2  conftest.c >&5
conftest.c: In function 'main':
conftest.c:72:13: error: '__int64' undeclared (first use in this function)
 if (sizeof (__int64))
             ^
conftest.c:72:13: note: each undeclared identifier is reported only once for each function it appears in
configure:15002: $? = 1
configure: failed program was:
| /* confdefs.h */
| #define PACKAGE_NAME "ctemplate"
| #define PACKAGE_TARNAME "ctemplate"
| #define PACKAGE_VERSION "2.3"
| #define PACKAGE_STRING "ctemplate 2.3"
| #define PACKAGE_BUGREPORT "google-ctemplate@googlegroups.com"
| #define PACKAGE_URL ""
| #define PACKAGE "ctemplate"
| #define VERSION "2.3"
| #define STDC_HEADERS 1
| #define HAVE_SYS_TYPES_H 1
| #define HAVE_SYS_STAT_H 1
| #define HAVE_STDLIB_H 1
| #define HAVE_STRING_H 1
| #define HAVE_MEMORY_H 1
| #define HAVE_STRINGS_H 1
| #define HAVE_INTTYPES_H 1
| #define HAVE_STDINT_H 1
| #define HAVE_UNISTD_H 1
| #define HAVE_DLFCN_H 1
| #define LT_OBJDIR ".libs/"
| #define HAVE___ATTRIBUTE__ 1
| #define STDC_HEADERS 1
| #define PRIuS "lu"
| #define PRIxS "lx"
| #define PRIdS "ld"
| #define HAVE_GETOPT_LONG 1
| #define HAVE_GETOPT 1
| #define HAVE_GETOPT_H 1
| #define HAVE_UTIME_H 1
| #define HAVE_UINT32_T 1
| #define HAVE_U_INT32_T 1
| #define HAVE_UINT64_T 1
| #define HAVE_U_INT64_T 1
| /* end confdefs.h.  */
| #include <stdio.h>
| #ifdef HAVE_SYS_TYPES_H
| # include <sys/types.h>
| #endif
| #ifdef HAVE_SYS_STAT_H
| # include <sys/stat.h>
| #endif
| #ifdef STDC_HEADERS
| # include <stdlib.h>
| # include <stddef.h>
| #else
| # ifdef HAVE_STDLIB_H
| #  include <stdlib.h>
| # endif
| #endif
| #ifdef HAVE_STRING_H
| # if !defined STDC_HEADERS && defined HAVE_MEMORY_H
| #  include <memory.h>
| # endif
| # include <string.h>
| #endif
| #ifdef HAVE_STRINGS_H
| # include <strings.h>
| #endif
| #ifdef HAVE_INTTYPES_H
| # include <inttypes.h>
| #endif
| #ifdef HAVE_STDINT_H
| # include <stdint.h>
| #endif
| #ifdef HAVE_UNISTD_H
| # include <unistd.h>
| #endif
| int
| main ()
| {
| if (sizeof (__int64))
| 	 return 0;
|   ;
|   return 0;
| }
configure:15002: result: no
configure:15016: checking for dirent.h that defines DIR
configure:15035: gcc -c -g -O2  conftest.c >&5
configure:15035: $? = 0
configure:15043: result: yes
configure:15056: checking for library containing opendir
configure:15087: gcc -o conftest -g -O2   conftest.c  >&5
configure:15087: $? = 0
configure:15104: result: none required
configure:15176: checking byteswap.h usability
configure:15176: gcc -c -g -O2  conftest.c >&5
configure:15176: $? = 0
configure:15176: result: yes
configure:15176: checking byteswap.h presence
configure:15176: gcc -E  conftest.c
configure:15176: $? = 0
configure:15176: result: yes
configure:15176: checking for byteswap.h
configure:15176: result: yes
configure:15188: checking libkern/OSByteOrder.h usability
configure:15188: gcc -c -g -O2  conftest.c >&5
conftest.c:71:33: fatal error: libkern/OSByteOrder.h: No such file or directory
 #include <libkern/OSByteOrder.h>
                                 ^
compilation terminated.
configure:15188: $? = 1
configure: failed program was:
| /* confdefs.h */
| #define PACKAGE_NAME "ctemplate"
| #define PACKAGE_TARNAME "ctemplate"
| #define PACKAGE_VERSION "2.3"
| #define PACKAGE_STRING "ctemplate 2.3"
| #define PACKAGE_BUGREPORT "google-ctemplate@googlegroups.com"
| #define PACKAGE_URL ""
| #define PACKAGE "ctemplate"
| #define VERSION "2.3"
| #define STDC_HEADERS 1
| #define HAVE_SYS_TYPES_H 1
| #define HAVE_SYS_STAT_H 1
| #define HAVE_STDLIB_H 1
| #define HAVE_STRING_H 1
| #define HAVE_MEMORY_H 1
| #define HAVE_STRINGS_H 1
| #define HAVE_INTTYPES_H 1
| #define HAVE_STDINT_H 1
| #define HAVE_UNISTD_H 1
| #define HAVE_DLFCN_H 1
| #define LT_OBJDIR ".libs/"
| #define HAVE___ATTRIBUTE__ 1
| #define STDC_HEADERS 1
| #define PRIuS "lu"
| #define PRIxS "lx"
| #define PRIdS "ld"
| #define HAVE_GETOPT_LONG 1
| #define HAVE_GETOPT 1
| #define HAVE_GETOPT_H 1
| #define HAVE_UTIME_H 1
| #define HAVE_UINT32_T 1
| #define HAVE_U_INT32_T 1
| #define HAVE_UINT64_T 1
| #define HAVE_U_INT64_T 1
| #define HAVE_DIRENT_H 1
| #define HAVE_BYTESWAP_H 1
| /* end confdefs.h.  */
| #include <stdio.h>
| #ifdef HAVE_SYS_TYPES_H
| # include <sys/types.h>
| #endif
| #ifdef HAVE_SYS_STAT_H
| # include <sys/stat.h>
| #endif
| #ifdef STDC_HEADERS
| # include <stdlib.h>
| # include <stddef.h>
| #else
| # ifdef HAVE_STDLIB_H
| #  include <stdlib.h>
| # endif
| #endif
| #ifdef HAVE_STRING_H
| # if !defined STDC_HEADERS && defined HAVE_MEMORY_H
| #  include <memory.h>
| # endif
| # include <string.h>
| #endif
| #ifdef HAVE_STRINGS_H
| # include <strings.h>
| #endif
| #ifdef HAVE_INTTYPES_H
| # include <inttypes.h>
| #endif
| #ifdef HAVE_STDINT_H
| # include <stdint.h>
| #endif
| #ifdef HAVE_UNISTD_H
| # include <unistd.h>
| #endif
| #include <libkern/OSByteOrder.h>
configure:15188: result: no
configure:15188: checking libkern/OSByteOrder.h presence
configure:15188: gcc -E  conftest.c
conftest.c:38:33: fatal error: libkern/OSByteOrder.h: No such file or directory
 #include <libkern/OSByteOrder.h>
                                 ^
compilation terminated.
configure:15188: $? = 1
configure: failed program was:
| /* confdefs.h */
| #define PACKAGE_NAME "ctemplate"
| #define PACKAGE_TARNAME "ctemplate"
| #define PACKAGE_VERSION "2.3"
| #define PACKAGE_STRING "ctemplate 2.3"
| #define PACKAGE_BUGREPORT "google-ctemplate@googlegroups.com"
| #define PACKAGE_URL ""
| #define PACKAGE "ctemplate"
| #define VERSION "2.3"
| #define STDC_HEADERS 1
| #define HAVE_SYS_TYPES_H 1
| #define HAVE_SYS_STAT_H 1
| #define HAVE_STDLIB_H 1
| #define HAVE_STRING_H 1
| #define HAVE_MEMORY_H 1
| #define HAVE_STRINGS_H 1
| #define HAVE_INTTYPES_H 1
| #define HAVE_STDINT_H 1
| #define HAVE_UNISTD_H 1
| #define HAVE_DLFCN_H 1
| #define LT_OBJDIR ".libs/"
| #define HAVE___ATTRIBUTE__ 1
| #define STDC_HEADERS 1
| #define PRIuS "lu"
| #define PRIxS "lx"
| #define PRIdS "ld"
| #define HAVE_GETOPT_LONG 1
| #define HAVE_GETOPT 1
| #define HAVE_GETOPT_H 1
| #define HAVE_UTIME_H 1
| #define HAVE_UINT32_T 1
| #define HAVE_U_INT32_T 1
| #define HAVE_UINT64_T 1
| #define HAVE_U_INT64_T 1
| #define HAVE_DIRENT_H 1
| #define HAVE_BYTESWAP_H 1
| /* end confdefs.h.  */
| #include <libkern/OSByteOrder.h>
configure:15188: result: no
configure:15188: checking for libkern/OSByteOrder.h
configure:15188: result: no
configure:15200: checking sys/byteorder.h usability
configure:15200: gcc -c -g -O2  conftest.c >&5
conftest.c:71:27: fatal error: sys/byteorder.h: No such file or directory
 #include <sys/byteorder.h>
                           ^
compilation terminated.
configure:15200: $? = 1
configure: failed program was:
| /* confdefs.h */
| #define PACKAGE_NAME "ctemplate"
| #define PACKAGE_TARNAME "ctemplate"
| #define PACKAGE_VERSION "2.3"
| #define PACKAGE_STRING "ctemplate 2.3"
| #define PACKAGE_BUGREPORT "google-ctemplate@googlegroups.com"
| #define PACKAGE_URL ""
| #define PACKAGE "ctemplate"
| #define VERSION "2.3"
| #define STDC_HEADERS 1
| #define HAVE_SYS_TYPES_H 1
| #define HAVE_SYS_STAT_H 1
| #define HAVE_STDLIB_H 1
| #define HAVE_STRING_H 1
| #define HAVE_MEMORY_H 1
| #define HAVE_STRINGS_H 1
| #define HAVE_INTTYPES_H 1
| #define HAVE_STDINT_H 1
| #define HAVE_UNISTD_H 1
| #define HAVE_DLFCN_H 1
| #define LT_OBJDIR ".libs/"
| #define HAVE___ATTRIBUTE__ 1
| #define STDC_HEADERS 1
| #define PRIuS "lu"
| #define PRIxS "lx"
| #define PRIdS "ld"
| #define HAVE_GETOPT_LONG 1
| #define HAVE_GETOPT 1
| #define HAVE_GETOPT_H 1
| #define HAVE_UTIME_H 1
| #define HAVE_UINT32_T 1
| #define HAVE_U_INT32_T 1
| #define HAVE_UINT64_T 1
| #define HAVE_U_INT64_T 1
| #define HAVE_DIRENT_H 1
| #define HAVE_BYTESWAP_H 1
| /* end confdefs.h.  */
| #include <stdio.h>
| #ifdef HAVE_SYS_TYPES_H
| # include <sys/types.h>
| #endif
| #ifdef HAVE_SYS_STAT_H
| # include <sys/stat.h>
| #endif
| #ifdef STDC_HEADERS
| # include <stdlib.h>
| # include <stddef.h>
| #else
| # ifdef HAVE_STDLIB_H
| #  include <stdlib.h>
| # endif
| #endif
| #ifdef HAVE_STRING_H
| # if !defined STDC_HEADERS && defined HAVE_MEMORY_H
| #  include <memory.h>
| # endif
| # include <string.h>
| #endif
| #ifdef HAVE_STRINGS_H
| # include <strings.h>
| #endif
| #ifdef HAVE_INTTYPES_H
| # include <inttypes.h>
| #endif
| #ifdef HAVE_STDINT_H
| # include <stdint.h>
| #endif
| #ifdef HAVE_UNISTD_H
| # include <unistd.h>
| #endif
| #include <sys/byteorder.h>
configure:15200: result: no
configure:15200: checking sys/byteorder.h presence
configure:15200: gcc -E  conftest.c
conftest.c:38:27: fatal error: sys/byteorder.h: No such file or directory
 #include <sys/byteorder.h>
                           ^
compilation terminated.
configure:15200: $? = 1
configure: failed program was:
| /* confdefs.h */
| #define PACKAGE_NAME "ctemplate"
| #define PACKAGE_TARNAME "ctemplate"
| #define PACKAGE_VERSION "2.3"
| #define PACKAGE_STRING "ctemplate 2.3"
| #define PACKAGE_BUGREPORT "google-ctemplate@googlegroups.com"
| #define PACKAGE_URL ""
| #define PACKAGE "ctemplate"
| #define VERSION "2.3"
| #define STDC_HEADERS 1
| #define HAVE_SYS_TYPES_H 1
| #define HAVE_SYS_STAT_H 1
| #define HAVE_STDLIB_H 1
| #define HAVE_STRING_H 1
| #define HAVE_MEMORY_H 1
| #define HAVE_STRINGS_H 1
| #define HAVE_INTTYPES_H 1
| #define HAVE_STDINT_H 1
| #define HAVE_UNISTD_H 1
| #define HAVE_DLFCN_H 1
| #define LT_OBJDIR ".libs/"
| #define HAVE___ATTRIBUTE__ 1
| #define STDC_HEADERS 1
| #define PRIuS "lu"
| #define PRIxS "lx"
| #define PRIdS "ld"
| #define HAVE_GETOPT_LONG 1
| #define HAVE_GETOPT 1
| #define HAVE_GETOPT_H 1
| #define HAVE_UTIME_H 1
| #define HAVE_UINT32_T 1
| #define HAVE_U_INT32_T 1
| #define HAVE_UINT64_T 1
| #define HAVE_U_INT64_T 1
| #define HAVE_DIRENT_H 1
| #define HAVE_BYTESWAP_H 1
| /* end confdefs.h.  */
| #include <sys/byteorder.h>
configure:15200: result: no
configure:15200: checking for sys/byteorder.h
configure:15200: result: no
configure:15212: checking endian.h usability
configure:15212: gcc -c -g -O2  conftest.c >&5
configure:15212: $? = 0
configure:15212: result: yes
configure:15212: checking endian.h presence
configure:15212: gcc -E  conftest.c
configure:15212: $? = 0
configure:15212: result: yes
configure:15212: checking for endian.h
configure:15212: result: yes
configure:15224: checking machine/endian.h usability
configure:15224: gcc -c -g -O2  conftest.c >&5
conftest.c:72:28: fatal error: machine/endian.h: No such file or directory
 #include <machine/endian.h>
                            ^
compilation terminated.
configure:15224: $? = 1
configure: failed program was:
| /* confdefs.h */
| #define PACKAGE_NAME "ctemplate"
| #define PACKAGE_TARNAME "ctemplate"
| #define PACKAGE_VERSION "2.3"
| #define PACKAGE_STRING "ctemplate 2.3"
| #define PACKAGE_BUGREPORT "google-ctemplate@googlegroups.com"
| #define PACKAGE_URL ""
| #define PACKAGE "ctemplate"
| #define VERSION "2.3"
| #define STDC_HEADERS 1
| #define HAVE_SYS_TYPES_H 1
| #define HAVE_SYS_STAT_H 1
| #define HAVE_STDLIB_H 1
| #define HAVE_STRING_H 1
| #define HAVE_MEMORY_H 1
| #define HAVE_STRINGS_H 1
| #define HAVE_INTTYPES_H 1
| #define HAVE_STDINT_H 1
| #define HAVE_UNISTD_H 1
| #define HAVE_DLFCN_H 1
| #define LT_OBJDIR ".libs/"
| #define HAVE___ATTRIBUTE__ 1
| #define STDC_HEADERS 1
| #define PRIuS "lu"
| #define PRIxS "lx"
| #define PRIdS "ld"
| #define HAVE_GETOPT_LONG 1
| #define HAVE_GETOPT 1
| #define HAVE_GETOPT_H 1
| #define HAVE_UTIME_H 1
| #define HAVE_UINT32_T 1
| #define HAVE_U_INT32_T 1
| #define HAVE_UINT64_T 1
| #define HAVE_U_INT64_T 1
| #define HAVE_DIRENT_H 1
| #define HAVE_BYTESWAP_H 1
| #define HAVE_ENDIAN_H 1
| /* end confdefs.h.  */
| #include <stdio.h>
| #ifdef HAVE_SYS_TYPES_H
| # include <sys/types.h>
| #endif
| #ifdef HAVE_SYS_STAT_H
| # include <sys/stat.h>
| #endif
| #ifdef STDC_HEADERS
| # include <stdlib.h>
| # include <stddef.h>
| #else
| # ifdef HAVE_STDLIB_H
| #  include <stdlib.h>
| # endif
| #endif
| #ifdef HAVE_STRING_H
| # if !defined STDC_HEADERS && defined HAVE_MEMORY_H
| #  include <memory.h>
| # endif
| # include <string.h>
| #endif
| #ifdef HAVE_STRINGS_H
| # include <strings.h>
| #endif
| #ifdef HAVE_INTTYPES_H
| # include <inttypes.h>
| #endif
| #ifdef HAVE_STDINT_H
| # include <stdint.h>
| #endif
| #ifdef HAVE_UNISTD_H
| # include <unistd.h>
| #endif
| #include <machine/endian.h>
configure:15224: result: no
configure:15224: checking machine/endian.h presence
configure:15224: gcc -E  conftest.c
conftest.c:39:28: fatal error: machine/endian.h: No such file or directory
 #include <machine/endian.h>
                            ^
compilation terminated.
configure:15224: $? = 1
configure: failed program was:
| /* confdefs.h */
| #define PACKAGE_NAME "ctemplate"
| #define PACKAGE_TARNAME "ctemplate"
| #define PACKAGE_VERSION "2.3"
| #define PACKAGE_STRING "ctemplate 2.3"
| #define PACKAGE_BUGREPORT "google-ctemplate@googlegroups.com"
| #define PACKAGE_URL ""
| #define PACKAGE "ctemplate"
| #define VERSION "2.3"
| #define STDC_HEADERS 1
| #define HAVE_SYS_TYPES_H 1
| #define HAVE_SYS_STAT_H 1
| #define HAVE_STDLIB_H 1
| #define HAVE_STRING_H 1
| #define HAVE_MEMORY_H 1
| #define HAVE_STRINGS_H 1
| #define HAVE_INTTYPES_H 1
| #define HAVE_STDINT_H 1
| #define HAVE_UNISTD_H 1
| #define HAVE_DLFCN_H 1
| #define LT_OBJDIR ".libs/"
| #define HAVE___ATTRIBUTE__ 1
| #define STDC_HEADERS 1
| #define PRIuS "lu"
| #define PRIxS "lx"
| #define PRIdS "ld"
| #define HAVE_GETOPT_LONG 1
| #define HAVE_GETOPT 1
| #define HAVE_GETOPT_H 1
| #define HAVE_UTIME_H 1
| #define HAVE_UINT32_T 1
| #define HAVE_U_INT32_T 1
| #define HAVE_UINT64_T 1
| #define HAVE_U_INT64_T 1
| #define HAVE_DIRENT_H 1
| #define HAVE_BYTESWAP_H 1
| #define HAVE_ENDIAN_H 1
| /* end confdefs.h.  */
| #include <machine/endian.h>
configure:15224: result: no
configure:15224: checking for machine/endian.h
configure:15224: result: no
configure:15236: checking sys/endian.h usability
configure:15236: gcc -c -g -O2  conftest.c >&5
conftest.c:72:24: fatal error: sys/endian.h: No such file or directory
 #include <sys/endian.h>
                        ^
compilation terminated.
configure:15236: $? = 1
configure: failed program was:
| /* confdefs.h */
| #define PACKAGE_NAME "ctemplate"
| #define PACKAGE_TARNAME "ctemplate"
| #define PACKAGE_VERSION "2.3"
| #define PACKAGE_STRING "ctemplate 2.3"
| #define PACKAGE_BUGREPORT "google-ctemplate@googlegroups.com"
| #define PACKAGE_URL ""
| #define PACKAGE "ctemplate"
| #define VERSION "2.3"
| #define STDC_HEADERS 1
| #define HAVE_SYS_TYPES_H 1
| #define HAVE_SYS_STAT_H 1
| #define HAVE_STDLIB_H 1
| #define HAVE_STRING_H 1
| #define HAVE_MEMORY_H 1
| #define HAVE_STRINGS_H 1
| #define HAVE_INTTYPES_H 1
| #define HAVE_STDINT_H 1
| #define HAVE_UNISTD_H 1
| #define HAVE_DLFCN_H 1
| #define LT_OBJDIR ".libs/"
| #define HAVE___ATTRIBUTE__ 1
| #define STDC_HEADERS 1
| #define PRIuS "lu"
| #define PRIxS "lx"
| #define PRIdS "ld"
| #define HAVE_GETOPT_LONG 1
| #define HAVE_GETOPT 1
| #define HAVE_GETOPT_H 1
| #define HAVE_UTIME_H 1
| #define HAVE_UINT32_T 1
| #define HAVE_U_INT32_T 1
| #define HAVE_UINT64_T 1
| #define HAVE_U_INT64_T 1
| #define HAVE_DIRENT_H 1
| #define HAVE_BYTESWAP_H 1
| #define HAVE_ENDIAN_H 1
| /* end confdefs.h.  */
| #include <stdio.h>
| #ifdef HAVE_SYS_TYPES_H
| # include <sys/types.h>
| #endif
| #ifdef HAVE_SYS_STAT_H
| # include <sys/stat.h>
| #endif
| #ifdef STDC_HEADERS
| # include <stdlib.h>
| # include <stddef.h>
| #else
| # ifdef HAVE_STDLIB_H
| #  include <stdlib.h>
| # endif
| #endif
| #ifdef HAVE_STRING_H
| # if !defined STDC_HEADERS && defined HAVE_MEMORY_H
| #  include <memory.h>
| # endif
| # include <string.h>
| #endif
| #ifdef HAVE_STRINGS_H
| # include <strings.h>
| #endif
| #ifdef HAVE_INTTYPES_H
| # include <inttypes.h>
| #endif
| #ifdef HAVE_STDINT_H
| # include <stdint.h>
| #endif
| #ifdef HAVE_UNISTD_H
| # include <unistd.h>
| #endif
| #include <sys/endian.h>
configure:15236: result: no
configure:15236: checking sys/endian.h presence
configure:15236: gcc -E  conftest.c
conftest.c:39:24: fatal error: sys/endian.h: No such file or directory
 #include <sys/endian.h>
                        ^
compilation terminated.
configure:15236: $? = 1
configure: failed program was:
| /* confdefs.h */
| #define PACKAGE_NAME "ctemplate"
| #define PACKAGE_TARNAME "ctemplate"
| #define PACKAGE_VERSION "2.3"
| #define PACKAGE_STRING "ctemplate 2.3"
| #define PACKAGE_BUGREPORT "google-ctemplate@googlegroups.com"
| #define PACKAGE_URL ""
| #define PACKAGE "ctemplate"
| #define VERSION "2.3"
| #define STDC_HEADERS 1
| #define HAVE_SYS_TYPES_H 1
| #define HAVE_SYS_STAT_H 1
| #define HAVE_STDLIB_H 1
| #define HAVE_STRING_H 1
| #define HAVE_MEMORY_H 1
| #define HAVE_STRINGS_H 1
| #define HAVE_INTTYPES_H 1
| #define HAVE_STDINT_H 1
| #define HAVE_UNISTD_H 1
| #define HAVE_DLFCN_H 1
| #define LT_OBJDIR ".libs/"
| #define HAVE___ATTRIBUTE__ 1
| #define STDC_HEADERS 1
| #define PRIuS "lu"
| #define PRIxS "lx"
| #define PRIdS "ld"
| #define HAVE_GETOPT_LONG 1
| #define HAVE_GETOPT 1
| #define HAVE_GETOPT_H 1
| #define HAVE_UTIME_H 1
| #define HAVE_UINT32_T 1
| #define HAVE_U_INT32_T 1
| #define HAVE_UINT64_T 1
| #define HAVE_U_INT64_T 1
| #define HAVE_DIRENT_H 1
| #define HAVE_BYTESWAP_H 1
| #define HAVE_ENDIAN_H 1
| /* end confdefs.h.  */
| #include <sys/endian.h>
configure:15236: result: no
configure:15236: checking for sys/endian.h
configure:15236: result: no
configure:15248: checking sys/isa_defs.h usability
configure:15248: gcc -c -g -O2  conftest.c >&5
conftest.c:72:26: fatal error: sys/isa_defs.h: No such file or directory
 #include <sys/isa_defs.h>
                          ^
compilation terminated.
configure:15248: $? = 1
configure: failed program was:
| /* confdefs.h */
| #define PACKAGE_NAME "ctemplate"
| #define PACKAGE_TARNAME "ctemplate"
| #define PACKAGE_VERSION "2.3"
| #define PACKAGE_STRING "ctemplate 2.3"
| #define PACKAGE_BUGREPORT "google-ctemplate@googlegroups.com"
| #define PACKAGE_URL ""
| #define PACKAGE "ctemplate"
| #define VERSION "2.3"
| #define STDC_HEADERS 1
| #define HAVE_SYS_TYPES_H 1
| #define HAVE_SYS_STAT_H 1
| #define HAVE_STDLIB_H 1
| #define HAVE_STRING_H 1
| #define HAVE_MEMORY_H 1
| #define HAVE_STRINGS_H 1
| #define HAVE_INTTYPES_H 1
| #define HAVE_STDINT_H 1
| #define HAVE_UNISTD_H 1
| #define HAVE_DLFCN_H 1
| #define LT_OBJDIR ".libs/"
| #define HAVE___ATTRIBUTE__ 1
| #define STDC_HEADERS 1
| #define PRIuS "lu"
| #define PRIxS "lx"
| #define PRIdS "ld"
| #define HAVE_GETOPT_LONG 1
| #define HAVE_GETOPT 1
| #define HAVE_GETOPT_H 1
| #define HAVE_UTIME_H 1
| #define HAVE_UINT32_T 1
| #define HAVE_U_INT32_T 1
| #define HAVE_UINT64_T 1
| #define HAVE_U_INT64_T 1
| #define HAVE_DIRENT_H 1
| #define HAVE_BYTESWAP_H 1
| #define HAVE_ENDIAN_H 1
| /* end confdefs.h.  */
| #include <stdio.h>
| #ifdef HAVE_SYS_TYPES_H
| # include <sys/types.h>
| #endif
| #ifdef HAVE_SYS_STAT_H
| # include <sys/stat.h>
| #endif
| #ifdef STDC_HEADERS
| # include <stdlib.h>
| # include <stddef.h>
| #else
| # ifdef HAVE_STDLIB_H
| #  include <stdlib.h>
| # endif
| #endif
| #ifdef HAVE_STRING_H
| # if !defined STDC_HEADERS && defined HAVE_MEMORY_H
| #  include <memory.h>
| # endif
| # include <string.h>
| #endif
| #ifdef HAVE_STRINGS_H
| # include <strings.h>
| #endif
| #ifdef HAVE_INTTYPES_H
| # include <inttypes.h>
| #endif
| #ifdef HAVE_STDINT_H
| # include <stdint.h>
| #endif
| #ifdef HAVE_UNISTD_H
| # include <unistd.h>
| #endif
| #include <sys/isa_defs.h>
configure:15248: result: no
configure:15248: checking sys/isa_defs.h presence
configure:15248: gcc -E  conftest.c
conftest.c:39:26: fatal error: sys/isa_defs.h: No such file or directory
 #include <sys/isa_defs.h>
                          ^
compilation terminated.
configure:15248: $? = 1
configure: failed program was:
| /* confdefs.h */
| #define PACKAGE_NAME "ctemplate"
| #define PACKAGE_TARNAME "ctemplate"
| #define PACKAGE_VERSION "2.3"
| #define PACKAGE_STRING "ctemplate 2.3"
| #define PACKAGE_BUGREPORT "google-ctemplate@googlegroups.com"
| #define PACKAGE_URL ""
| #define PACKAGE "ctemplate"
| #define VERSION "2.3"
| #define STDC_HEADERS 1
| #define HAVE_SYS_TYPES_H 1
| #define HAVE_SYS_STAT_H 1
| #define HAVE_STDLIB_H 1
| #define HAVE_STRING_H 1
| #define HAVE_MEMORY_H 1
| #define HAVE_STRINGS_H 1
| #define HAVE_INTTYPES_H 1
| #define HAVE_STDINT_H 1
| #define HAVE_UNISTD_H 1
| #define HAVE_DLFCN_H 1
| #define LT_OBJDIR ".libs/"
| #define HAVE___ATTRIBUTE__ 1
| #define STDC_HEADERS 1
| #define PRIuS "lu"
| #define PRIxS "lx"
| #define PRIdS "ld"
| #define HAVE_GETOPT_LONG 1
| #define HAVE_GETOPT 1
| #define HAVE_GETOPT_H 1
| #define HAVE_UTIME_H 1
| #define HAVE_UINT32_T 1
| #define HAVE_U_INT32_T 1
| #define HAVE_UINT64_T 1
| #define HAVE_U_INT64_T 1
| #define HAVE_DIRENT_H 1
| #define HAVE_BYTESWAP_H 1
| #define HAVE_ENDIAN_H 1
| /* end confdefs.h.  */
| #include <sys/isa_defs.h>
configure:15248: result: no
configure:15248: checking for sys/isa_defs.h
configure:15248: result: no
configure:15425: checking for the pthreads library -lpthreads
configure:15458: gcc -o conftest -g -O2    conftest.c -lpthreads  >&5
/usr/bin/ld: cannot find -lpthreads
collect2: error: ld returned 1 exit status
configure:15458: $? = 1
configure: failed program was:
| /* confdefs.h */
| #define PACKAGE_NAME "ctemplate"
| #define PACKAGE_TARNAME "ctemplate"
| #define PACKAGE_VERSION "2.3"
| #define PACKAGE_STRING "ctemplate 2.3"
| #define PACKAGE_BUGREPORT "google-ctemplate@googlegroups.com"
| #define PACKAGE_URL ""
| #define PACKAGE "ctemplate"
| #define VERSION "2.3"
| #define STDC_HEADERS 1
| #define HAVE_SYS_TYPES_H 1
| #define HAVE_SYS_STAT_H 1
| #define HAVE_STDLIB_H 1
| #define HAVE_STRING_H 1
| #define HAVE_MEMORY_H 1
| #define HAVE_STRINGS_H 1
| #define HAVE_INTTYPES_H 1
| #define HAVE_STDINT_H 1
| #define HAVE_UNISTD_H 1
| #define HAVE_DLFCN_H 1
| #define LT_OBJDIR ".libs/"
| #define HAVE___ATTRIBUTE__ 1
| #define STDC_HEADERS 1
| #define PRIuS "lu"
| #define PRIxS "lx"
| #define PRIdS "ld"
| #define HAVE_GETOPT_LONG 1
| #define HAVE_GETOPT 1
| #define HAVE_GETOPT_H 1
| #define HAVE_UTIME_H 1
| #define HAVE_UINT32_T 1
| #define HAVE_U_INT32_T 1
| #define HAVE_UINT64_T 1
| #define HAVE_U_INT64_T 1
| #define HAVE_DIRENT_H 1
| #define HAVE_BYTESWAP_H 1
| #define HAVE_ENDIAN_H 1
| /* end confdefs.h.  */
| #include <pthread.h>
| int
| main ()
| {
| pthread_t th; pthread_join(th, 0);
|                      pthread_attr_init(0); pthread_cleanup_push(0, 0);
|                      pthread_create(0,0,0,0); pthread_cleanup_pop(0);
|   ;
|   return 0;
| }
configure:15467: result: no
configure:15370: checking whether pthreads work without any flags
configure:15458: gcc -o conftest -g -O2    conftest.c   >&5
/tmp/ccc8WwHY.o: In function `main':
/home/cangkui/dspnew/trunk/thirdparty/ctemplate/conftest.c:43: undefined reference to `pthread_join'
/home/cangkui/dspnew/trunk/thirdparty/ctemplate/conftest.c:44: undefined reference to `__pthread_register_cancel'
/home/cangkui/dspnew/trunk/thirdparty/ctemplate/conftest.c:45: undefined reference to `pthread_create'
/home/cangkui/dspnew/trunk/thirdparty/ctemplate/conftest.c:45: undefined reference to `__pthread_unregister_cancel'
collect2: error: ld returned 1 exit status
configure:15458: $? = 1
configure: failed program was:
| /* confdefs.h */
| #define PACKAGE_NAME "ctemplate"
| #define PACKAGE_TARNAME "ctemplate"
| #define PACKAGE_VERSION "2.3"
| #define PACKAGE_STRING "ctemplate 2.3"
| #define PACKAGE_BUGREPORT "google-ctemplate@googlegroups.com"
| #define PACKAGE_URL ""
| #define PACKAGE "ctemplate"
| #define VERSION "2.3"
| #define STDC_HEADERS 1
| #define HAVE_SYS_TYPES_H 1
| #define HAVE_SYS_STAT_H 1
| #define HAVE_STDLIB_H 1
| #define HAVE_STRING_H 1
| #define HAVE_MEMORY_H 1
| #define HAVE_STRINGS_H 1
| #define HAVE_INTTYPES_H 1
| #define HAVE_STDINT_H 1
| #define HAVE_UNISTD_H 1
| #define HAVE_DLFCN_H 1
| #define LT_OBJDIR ".libs/"
| #define HAVE___ATTRIBUTE__ 1
| #define STDC_HEADERS 1
| #define PRIuS "lu"
| #define PRIxS "lx"
| #define PRIdS "ld"
| #define HAVE_GETOPT_LONG 1
| #define HAVE_GETOPT 1
| #define HAVE_GETOPT_H 1
| #define HAVE_UTIME_H 1
| #define HAVE_UINT32_T 1
| #define HAVE_U_INT32_T 1
| #define HAVE_UINT64_T 1
| #define HAVE_U_INT64_T 1
| #define HAVE_DIRENT_H 1
| #define HAVE_BYTESWAP_H 1
| #define HAVE_ENDIAN_H 1
| /* end confdefs.h.  */
| #include <pthread.h>
| int
| main ()
| {
| pthread_t th; pthread_join(th, 0);
|                      pthread_attr_init(0); pthread_cleanup_push(0, 0);
|                      pthread_create(0,0,0,0); pthread_cleanup_pop(0);
|   ;
|   return 0;
| }
configure:15467: result: no
configure:15375: checking whether pthreads work with -Kthread
configure:15458: gcc -o conftest -g -O2 -Kthread   conftest.c   >&5
gcc: error: unrecognized command line option '-Kthread'
configure:15458: $? = 1
configure: failed program was:
| /* confdefs.h */
| #define PACKAGE_NAME "ctemplate"
| #define PACKAGE_TARNAME "ctemplate"
| #define PACKAGE_VERSION "2.3"
| #define PACKAGE_STRING "ctemplate 2.3"
| #define PACKAGE_BUGREPORT "google-ctemplate@googlegroups.com"
| #define PACKAGE_URL ""
| #define PACKAGE "ctemplate"
| #define VERSION "2.3"
| #define STDC_HEADERS 1
| #define HAVE_SYS_TYPES_H 1
| #define HAVE_SYS_STAT_H 1
| #define HAVE_STDLIB_H 1
| #define HAVE_STRING_H 1
| #define HAVE_MEMORY_H 1
| #define HAVE_STRINGS_H 1
| #define HAVE_INTTYPES_H 1
| #define HAVE_STDINT_H 1
| #define HAVE_UNISTD_H 1
| #define HAVE_DLFCN_H 1
| #define LT_OBJDIR ".libs/"
| #define HAVE___ATTRIBUTE__ 1
| #define STDC_HEADERS 1
| #define PRIuS "lu"
| #define PRIxS "lx"
| #define PRIdS "ld"
| #define HAVE_GETOPT_LONG 1
| #define HAVE_GETOPT 1
| #define HAVE_GETOPT_H 1
| #define HAVE_UTIME_H 1
| #define HAVE_UINT32_T 1
| #define HAVE_U_INT32_T 1
| #define HAVE_UINT64_T 1
| #define HAVE_U_INT64_T 1
| #define HAVE_DIRENT_H 1
| #define HAVE_BYTESWAP_H 1
| #define HAVE_ENDIAN_H 1
| /* end confdefs.h.  */
| #include <pthread.h>
| int
| main ()
| {
| pthread_t th; pthread_join(th, 0);
|                      pthread_attr_init(0); pthread_cleanup_push(0, 0);
|                      pthread_create(0,0,0,0); pthread_cleanup_pop(0);
|   ;
|   return 0;
| }
configure:15467: result: no
configure:15375: checking whether pthreads work with -kthread
configure:15458: gcc -o conftest -g -O2 -kthread   conftest.c   >&5
gcc: error: unrecognized command line option '-kthread'
configure:15458: $? = 1
configure: failed program was:
| /* confdefs.h */
| #define PACKAGE_NAME "ctemplate"
| #define PACKAGE_TARNAME "ctemplate"
| #define PACKAGE_VERSION "2.3"
| #define PACKAGE_STRING "ctemplate 2.3"
| #define PACKAGE_BUGREPORT "google-ctemplate@googlegroups.com"
| #define PACKAGE_URL ""
| #define PACKAGE "ctemplate"
| #define VERSION "2.3"
| #define STDC_HEADERS 1
| #define HAVE_SYS_TYPES_H 1
| #define HAVE_SYS_STAT_H 1
| #define HAVE_STDLIB_H 1
| #define HAVE_STRING_H 1
| #define HAVE_MEMORY_H 1
| #define HAVE_STRINGS_H 1
| #define HAVE_INTTYPES_H 1
| #define HAVE_STDINT_H 1
| #define HAVE_UNISTD_H 1
| #define HAVE_DLFCN_H 1
| #define LT_OBJDIR ".libs/"
| #define HAVE___ATTRIBUTE__ 1
| #define STDC_HEADERS 1
| #define PRIuS "lu"
| #define PRIxS "lx"
| #define PRIdS "ld"
| #define HAVE_GETOPT_LONG 1
| #define HAVE_GETOPT 1
| #define HAVE_GETOPT_H 1
| #define HAVE_UTIME_H 1
| #define HAVE_UINT32_T 1
| #define HAVE_U_INT32_T 1
| #define HAVE_UINT64_T 1
| #define HAVE_U_INT64_T 1
| #define HAVE_DIRENT_H 1
| #define HAVE_BYTESWAP_H 1
| #define HAVE_ENDIAN_H 1
| /* end confdefs.h.  */
| #include <pthread.h>
| int
| main ()
| {
| pthread_t th; pthread_join(th, 0);
|                      pthread_attr_init(0); pthread_cleanup_push(0, 0);
|                      pthread_create(0,0,0,0); pthread_cleanup_pop(0);
|   ;
|   return 0;
| }
configure:15467: result: no
configure:15425: checking for the pthreads library -llthread
configure:15458: gcc -o conftest -g -O2    conftest.c -llthread  >&5
/usr/bin/ld: cannot find -llthread
collect2: error: ld returned 1 exit status
configure:15458: $? = 1
configure: failed program was:
| /* confdefs.h */
| #define PACKAGE_NAME "ctemplate"
| #define PACKAGE_TARNAME "ctemplate"
| #define PACKAGE_VERSION "2.3"
| #define PACKAGE_STRING "ctemplate 2.3"
| #define PACKAGE_BUGREPORT "google-ctemplate@googlegroups.com"
| #define PACKAGE_URL ""
| #define PACKAGE "ctemplate"
| #define VERSION "2.3"
| #define STDC_HEADERS 1
| #define HAVE_SYS_TYPES_H 1
| #define HAVE_SYS_STAT_H 1
| #define HAVE_STDLIB_H 1
| #define HAVE_STRING_H 1
| #define HAVE_MEMORY_H 1
| #define HAVE_STRINGS_H 1
| #define HAVE_INTTYPES_H 1
| #define HAVE_STDINT_H 1
| #define HAVE_UNISTD_H 1
| #define HAVE_DLFCN_H 1
| #define LT_OBJDIR ".libs/"
| #define HAVE___ATTRIBUTE__ 1
| #define STDC_HEADERS 1
| #define PRIuS "lu"
| #define PRIxS "lx"
| #define PRIdS "ld"
| #define HAVE_GETOPT_LONG 1
| #define HAVE_GETOPT 1
| #define HAVE_GETOPT_H 1
| #define HAVE_UTIME_H 1
| #define HAVE_UINT32_T 1
| #define HAVE_U_INT32_T 1
| #define HAVE_UINT64_T 1
| #define HAVE_U_INT64_T 1
| #define HAVE_DIRENT_H 1
| #define HAVE_BYTESWAP_H 1
| #define HAVE_ENDIAN_H 1
| /* end confdefs.h.  */
| #include <pthread.h>
| int
| main ()
| {
| pthread_t th; pthread_join(th, 0);
|                      pthread_attr_init(0); pthread_cleanup_push(0, 0);
|                      pthread_create(0,0,0,0); pthread_cleanup_pop(0);
|   ;
|   return 0;
| }
configure:15467: result: no
configure:15375: checking whether pthreads work with -pthread
configure:15458: gcc -o conftest -g -O2 -pthread   conftest.c   >&5
configure:15458: $? = 0
configure:15467: result: yes
configure:15486: checking for joinable pthread attribute
configure:15501: gcc -o conftest -g -O2 -pthread   conftest.c   >&5
configure:15501: $? = 0
configure:15507: result: PTHREAD_CREATE_JOINABLE
configure:15517: checking if more special flags are required for pthreads
configure:15524: result: no
configure:15613: checking whether to check for GCC pthread/shared inconsistencies
configure:15626: gcc -o conftest -shared -fPIC -Wl,-z,defs -g -O2 -pthread   conftest.c   >&5
configure:15626: $? = 0
configure:15638: result: yes
configure:15644: checking whether -pthread is sufficient with -shared
configure:15659: gcc -o conftest -shared -fPIC -Wl,-z,defs -g -O2 -pthread   conftest.c   >&5
configure:15659: $? = 0
configure:15666: result: yes
configure:15754: checking whether what we have so far is sufficient with -nostdlib
configure:15772: gcc -o conftest -nostdlib -shared -fPIC -Wl,-z,defs -g -O2 -pthread   conftest.c   -lc >&5
/tmp/ccAB2jGh.o: In function `main':
/home/cangkui/dspnew/trunk/thirdparty/ctemplate/conftest.c:43: undefined reference to `pthread_join'
/home/cangkui/dspnew/trunk/thirdparty/ctemplate/conftest.c:44: undefined reference to `__pthread_register_cancel'
/home/cangkui/dspnew/trunk/thirdparty/ctemplate/conftest.c:45: undefined reference to `pthread_create'
/home/cangkui/dspnew/trunk/thirdparty/ctemplate/conftest.c:45: undefined reference to `__pthread_unregister_cancel'
collect2: error: ld returned 1 exit status
configure:15772: $? = 1
configure: failed program was:
| /* confdefs.h */
| #define PACKAGE_NAME "ctemplate"
| #define PACKAGE_TARNAME "ctemplate"
| #define PACKAGE_VERSION "2.3"
| #define PACKAGE_STRING "ctemplate 2.3"
| #define PACKAGE_BUGREPORT "google-ctemplate@googlegroups.com"
| #define PACKAGE_URL ""
| #define PACKAGE "ctemplate"
| #define VERSION "2.3"
| #define STDC_HEADERS 1
| #define HAVE_SYS_TYPES_H 1
| #define HAVE_SYS_STAT_H 1
| #define HAVE_STDLIB_H 1
| #define HAVE_STRING_H 1
| #define HAVE_MEMORY_H 1
| #define HAVE_STRINGS_H 1
| #define HAVE_INTTYPES_H 1
| #define HAVE_STDINT_H 1
| #define HAVE_UNISTD_H 1
| #define HAVE_DLFCN_H 1
| #define LT_OBJDIR ".libs/"
| #define HAVE___ATTRIBUTE__ 1
| #define STDC_HEADERS 1
| #define PRIuS "lu"
| #define PRIxS "lx"
| #define PRIdS "ld"
| #define HAVE_GETOPT_LONG 1
| #define HAVE_GETOPT 1
| #define HAVE_GETOPT_H 1
| #define HAVE_UTIME_H 1
| #define HAVE_UINT32_T 1
| #define HAVE_U_INT32_T 1
| #define HAVE_UINT64_T 1
| #define HAVE_U_INT64_T 1
| #define HAVE_DIRENT_H 1
| #define HAVE_BYTESWAP_H 1
| #define HAVE_ENDIAN_H 1
| /* end confdefs.h.  */
| #include <pthread.h>
| int
| main ()
| {
| pthread_t th; pthread_join(th, 0);
| 	       pthread_attr_init(0); pthread_cleanup_push(0, 0);
| 	       pthread_create(0,0,0,0); pthread_cleanup_pop(0);
|   ;
|   return 0;
| }
configure:15784: result: no
configure:15789: checking whether -lpthread saves the day
configure:15805: gcc -o conftest -nostdlib -shared -fPIC -Wl,-z,defs -g -O2 -pthread   conftest.c -lpthread   -lc >&5
configure:15805: $? = 0
configure:15814: result: yes
configure:15857: checking support for pthread_rwlock_* functions
configure:15886: gcc -c -g -O2  conftest.c >&5
configure:15886: $? = 0
configure:15900: result: yes
configure:15913: checking whether first argument to InterlockedExchange omits volatile
configure:15936: g++ -c -g -O2  conftest.cpp >&5
conftest.cpp:41:21: fatal error: windows.h: No such file or directory
 #include <windows.h>
                     ^
compilation terminated.
configure:15936: $? = 1
configure: failed program was:
| /* confdefs.h */
| #define PACKAGE_NAME "ctemplate"
| #define PACKAGE_TARNAME "ctemplate"
| #define PACKAGE_VERSION "2.3"
| #define PACKAGE_STRING "ctemplate 2.3"
| #define PACKAGE_BUGREPORT "google-ctemplate@googlegroups.com"
| #define PACKAGE_URL ""
| #define PACKAGE "ctemplate"
| #define VERSION "2.3"
| #define STDC_HEADERS 1
| #define HAVE_SYS_TYPES_H 1
| #define HAVE_SYS_STAT_H 1
| #define HAVE_STDLIB_H 1
| #define HAVE_STRING_H 1
| #define HAVE_MEMORY_H 1
| #define HAVE_STRINGS_H 1
| #define HAVE_INTTYPES_H 1
| #define HAVE_STDINT_H 1
| #define HAVE_UNISTD_H 1
| #define HAVE_DLFCN_H 1
| #define LT_OBJDIR ".libs/"
| #define HAVE___ATTRIBUTE__ 1
| #define STDC_HEADERS 1
| #define PRIuS "lu"
| #define PRIxS "lx"
| #define PRIdS "ld"
| #define HAVE_GETOPT_LONG 1
| #define HAVE_GETOPT 1
| #define HAVE_GETOPT_H 1
| #define HAVE_UTIME_H 1
| #define HAVE_UINT32_T 1
| #define HAVE_U_INT32_T 1
| #define HAVE_UINT64_T 1
| #define HAVE_U_INT64_T 1
| #define HAVE_DIRENT_H 1
| #define HAVE_BYTESWAP_H 1
| #define HAVE_ENDIAN_H 1
| #define HAVE_PTHREAD 1
| #define HAVE_RWLOCK 1
| /* end confdefs.h.  */
| #include <windows.h>
| int
| main ()
| {
| volatile LONG once; InterlockedExchange(&once,  1);
|   ;
|   return 0;
| }
configure:15956: result: yes
configure:15962: checking whether the compiler implements namespaces
configure:15986: g++ -c -g -O2  conftest.cpp >&5
configure:15986: $? = 0
configure:15999: result: yes
configure:16006: checking what namespace STL code is in
configure:16030: g++ -c -g -O2  conftest.cpp >&5
conftest.cpp: In function 'int main()':
conftest.cpp:47:1: error: 'vector' was not declared in this scope
 vector<int> t; return 0;
 ^
conftest.cpp:47:1: note: suggested alternative:
In file included from /usr/include/c++/4.8.2/vector:64:0,
                 from conftest.cpp:43:
/usr/include/c++/4.8.2/bits/stl_vector.h:210:11: note:   'std::vector'
     class vector : protected _Vector_base<_Tp, _Alloc>
           ^
conftest.cpp:47:8: error: expected primary-expression before 'int'
 vector<int> t; return 0;
        ^
conftest.cpp:47:8: error: expected ';' before 'int'
configure:16030: $? = 1
configure: failed program was:
| /* confdefs.h */
| #define PACKAGE_NAME "ctemplate"
| #define PACKAGE_TARNAME "ctemplate"
| #define PACKAGE_VERSION "2.3"
| #define PACKAGE_STRING "ctemplate 2.3"
| #define PACKAGE_BUGREPORT "google-ctemplate@googlegroups.com"
| #define PACKAGE_URL ""
| #define PACKAGE "ctemplate"
| #define VERSION "2.3"
| #define STDC_HEADERS 1
| #define HAVE_SYS_TYPES_H 1
| #define HAVE_SYS_STAT_H 1
| #define HAVE_STDLIB_H 1
| #define HAVE_STRING_H 1
| #define HAVE_MEMORY_H 1
| #define HAVE_STRINGS_H 1
| #define HAVE_INTTYPES_H 1
| #define HAVE_STDINT_H 1
| #define HAVE_UNISTD_H 1
| #define HAVE_DLFCN_H 1
| #define LT_OBJDIR ".libs/"
| #define HAVE___ATTRIBUTE__ 1
| #define STDC_HEADERS 1
| #define PRIuS "lu"
| #define PRIxS "lx"
| #define PRIdS "ld"
| #define HAVE_GETOPT_LONG 1
| #define HAVE_GETOPT 1
| #define HAVE_GETOPT_H 1
| #define HAVE_UTIME_H 1
| #define HAVE_UINT32_T 1
| #define HAVE_U_INT32_T 1
| #define HAVE_UINT64_T 1
| #define HAVE_U_INT64_T 1
| #define HAVE_DIRENT_H 1
| #define HAVE_BYTESWAP_H 1
| #define HAVE_ENDIAN_H 1
| #define HAVE_PTHREAD 1
| #define HAVE_RWLOCK 1
| #define INTERLOCKED_EXCHANGE_NONVOLATILE 1
| #define HAVE_NAMESPACES 1
| /* end confdefs.h.  */
| #include <vector>
| int
| main ()
| {
| vector<int> t; return 0;
|   ;
|   return 0;
| }
configure:16045: g++ -c -g -O2  conftest.cpp >&5
configure:16045: $? = 0
configure:16056: result: std
configure:16109: checking the location of hash_map
configure:16135: g++ -c -g -O2  conftest.cpp >&5
configure:16135: $? = 0
configure:16157: g++ -c -g -O2  conftest.cpp >&5
In file included from /usr/include/c++/4.8.2/unordered_map:35:0,
                 from conftest.cpp:47:
/usr/include/c++/4.8.2/bits/c++0x_warning.h:32:2: error: #error This file requires compiler and library support for the ISO C++ 2011 standard. This support is currently experimental, and must be enabled with the -std=c++11 or -std=gnu++11 compiler options.
 #error This file requires compiler and library support for the \
  ^
conftest.cpp: In function 'int main()':
conftest.cpp:51:7: error: 'unordered_map' in namespace 'std' does not name a type
 const std::unordered_map<int, int> t;
       ^
conftest.cpp:52:33: error: 't' was not declared in this scope
                          return t.find(5) == t.end();
                                 ^
configure:16157: $? = 1
configure: failed program was:
| /* confdefs.h */
| #define PACKAGE_NAME "ctemplate"
| #define PACKAGE_TARNAME "ctemplate"
| #define PACKAGE_VERSION "2.3"
| #define PACKAGE_STRING "ctemplate 2.3"
| #define PACKAGE_BUGREPORT "google-ctemplate@googlegroups.com"
| #define PACKAGE_URL ""
| #define PACKAGE "ctemplate"
| #define VERSION "2.3"
| #define STDC_HEADERS 1
| #define HAVE_SYS_TYPES_H 1
| #define HAVE_SYS_STAT_H 1
| #define HAVE_STDLIB_H 1
| #define HAVE_STRING_H 1
| #define HAVE_MEMORY_H 1
| #define HAVE_STRINGS_H 1
| #define HAVE_INTTYPES_H 1
| #define HAVE_STDINT_H 1
| #define HAVE_UNISTD_H 1
| #define HAVE_DLFCN_H 1
| #define LT_OBJDIR ".libs/"
| #define HAVE___ATTRIBUTE__ 1
| #define STDC_HEADERS 1
| #define PRIuS "lu"
| #define PRIxS "lx"
| #define PRIdS "ld"
| #define HAVE_GETOPT_LONG 1
| #define HAVE_GETOPT 1
| #define HAVE_GETOPT_H 1
| #define HAVE_UTIME_H 1
| #define HAVE_UINT32_T 1
| #define HAVE_U_INT32_T 1
| #define HAVE_UINT64_T 1
| #define HAVE_U_INT64_T 1
| #define HAVE_DIRENT_H 1
| #define HAVE_BYTESWAP_H 1
| #define HAVE_ENDIAN_H 1
| #define HAVE_PTHREAD 1
| #define HAVE_RWLOCK 1
| #define INTERLOCKED_EXCHANGE_NONVOLATILE 1
| #define HAVE_NAMESPACES 1
| #define STL_NAMESPACE std
| #define GOOGLE_NAMESPACE ::ctemplate
| #define _START_GOOGLE_NAMESPACE_ namespace ctemplate {
| #define _END_GOOGLE_NAMESPACE_ }
| /* end confdefs.h.  */
| #include <unordered_map>
| int
| main ()
| {
| const std::unordered_map<int, int> t;
|                          return t.find(5) == t.end();
|   ;
|   return 0;
| }
configure:16157: g++ -c -g -O2  conftest.cpp >&5
In file included from /usr/include/c++/4.8.2/unordered_map:35:0,
                 from conftest.cpp:47:
/usr/include/c++/4.8.2/bits/c++0x_warning.h:32:2: error: #error This file requires compiler and library support for the ISO C++ 2011 standard. This support is currently experimental, and must be enabled with the -std=c++11 or -std=gnu++11 compiler options.
 #error This file requires compiler and library support for the \
  ^
conftest.cpp: In function 'int main()':
conftest.cpp:51:7: error: 'tr1' in namespace 'std' does not name a type
 const std::tr1::unordered_map<int, int> t;
       ^
conftest.cpp:52:33: error: 't' was not declared in this scope
                          return t.find(5) == t.end();
                                 ^
configure:16157: $? = 1
configure: failed program was:
| /* confdefs.h */
| #define PACKAGE_NAME "ctemplate"
| #define PACKAGE_TARNAME "ctemplate"
| #define PACKAGE_VERSION "2.3"
| #define PACKAGE_STRING "ctemplate 2.3"
| #define PACKAGE_BUGREPORT "google-ctemplate@googlegroups.com"
| #define PACKAGE_URL ""
| #define PACKAGE "ctemplate"
| #define VERSION "2.3"
| #define STDC_HEADERS 1
| #define HAVE_SYS_TYPES_H 1
| #define HAVE_SYS_STAT_H 1
| #define HAVE_STDLIB_H 1
| #define HAVE_STRING_H 1
| #define HAVE_MEMORY_H 1
| #define HAVE_STRINGS_H 1
| #define HAVE_INTTYPES_H 1
| #define HAVE_STDINT_H 1
| #define HAVE_UNISTD_H 1
| #define HAVE_DLFCN_H 1
| #define LT_OBJDIR ".libs/"
| #define HAVE___ATTRIBUTE__ 1
| #define STDC_HEADERS 1
| #define PRIuS "lu"
| #define PRIxS "lx"
| #define PRIdS "ld"
| #define HAVE_GETOPT_LONG 1
| #define HAVE_GETOPT 1
| #define HAVE_GETOPT_H 1
| #define HAVE_UTIME_H 1
| #define HAVE_UINT32_T 1
| #define HAVE_U_INT32_T 1
| #define HAVE_UINT64_T 1
| #define HAVE_U_INT64_T 1
| #define HAVE_DIRENT_H 1
| #define HAVE_BYTESWAP_H 1
| #define HAVE_ENDIAN_H 1
| #define HAVE_PTHREAD 1
| #define HAVE_RWLOCK 1
| #define INTERLOCKED_EXCHANGE_NONVOLATILE 1
| #define HAVE_NAMESPACES 1
| #define STL_NAMESPACE std
| #define GOOGLE_NAMESPACE ::ctemplate
| #define _START_GOOGLE_NAMESPACE_ namespace ctemplate {
| #define _END_GOOGLE_NAMESPACE_ }
| /* end confdefs.h.  */
| #include <unordered_map>
| int
| main ()
| {
| const std::tr1::unordered_map<int, int> t;
|                          return t.find(5) == t.end();
|   ;
|   return 0;
| }
configure:16157: g++ -c -g -O2  conftest.cpp >&5
conftest.cpp: In function 'int main()':
conftest.cpp:51:7: error: 'unordered_map' in namespace 'std' does not name a type
 const std::unordered_map<int, int> t;
       ^
conftest.cpp:52:33: error: 't' was not declared in this scope
                          return t.find(5) == t.end();
                                 ^
configure:16157: $? = 1
configure: failed program was:
| /* confdefs.h */
| #define PACKAGE_NAME "ctemplate"
| #define PACKAGE_TARNAME "ctemplate"
| #define PACKAGE_VERSION "2.3"
| #define PACKAGE_STRING "ctemplate 2.3"
| #define PACKAGE_BUGREPORT "google-ctemplate@googlegroups.com"
| #define PACKAGE_URL ""
| #define PACKAGE "ctemplate"
| #define VERSION "2.3"
| #define STDC_HEADERS 1
| #define HAVE_SYS_TYPES_H 1
| #define HAVE_SYS_STAT_H 1
| #define HAVE_STDLIB_H 1
| #define HAVE_STRING_H 1
| #define HAVE_MEMORY_H 1
| #define HAVE_STRINGS_H 1
| #define HAVE_INTTYPES_H 1
| #define HAVE_STDINT_H 1
| #define HAVE_UNISTD_H 1
| #define HAVE_DLFCN_H 1
| #define LT_OBJDIR ".libs/"
| #define HAVE___ATTRIBUTE__ 1
| #define STDC_HEADERS 1
| #define PRIuS "lu"
| #define PRIxS "lx"
| #define PRIdS "ld"
| #define HAVE_GETOPT_LONG 1
| #define HAVE_GETOPT 1
| #define HAVE_GETOPT_H 1
| #define HAVE_UTIME_H 1
| #define HAVE_UINT32_T 1
| #define HAVE_U_INT32_T 1
| #define HAVE_UINT64_T 1
| #define HAVE_U_INT64_T 1
| #define HAVE_DIRENT_H 1
| #define HAVE_BYTESWAP_H 1
| #define HAVE_ENDIAN_H 1
| #define HAVE_PTHREAD 1
| #define HAVE_RWLOCK 1
| #define INTERLOCKED_EXCHANGE_NONVOLATILE 1
| #define HAVE_NAMESPACES 1
| #define STL_NAMESPACE std
| #define GOOGLE_NAMESPACE ::ctemplate
| #define _START_GOOGLE_NAMESPACE_ namespace ctemplate {
| #define _END_GOOGLE_NAMESPACE_ }
| /* end confdefs.h.  */
| #include <tr1/unordered_map>
| int
| main ()
| {
| const std::unordered_map<int, int> t;
|                          return t.find(5) == t.end();
|   ;
|   return 0;
| }
configure:16157: g++ -c -g -O2  conftest.cpp >&5
configure:16157: $? = 0
configure:16218: result: <tr1/unordered_map>
configure:16302: g++ -o conftest -g -O2   conftest.cpp  >&5
configure:16302: $? = 0
configure:16441: checking that generated files are newer than configure
configure:16447: result: done
configure:16486: creating ./config.status

## ---------------------- ##
## Running config.status. ##
## ---------------------- ##

This file was extended by ctemplate config.status 2.3, which was
generated by GNU Autoconf 2.69.  Invocation command line was

  CONFIG_FILES    = 
  CONFIG_HEADERS  = 
  CONFIG_LINKS    = 
  CONFIG_COMMANDS = 
  $ ./config.status 

on localhost.localdomain

config.status:1196: creating Makefile
config.status:1196: creating src/ctemplate/template_string.h
config.status:1196: creating src/ctemplate/template_enums.h
config.status:1196: creating src/ctemplate/template.h
config.status:1196: creating src/ctemplate/template_cache.h
config.status:1196: creating src/ctemplate/template_modifiers.h
config.status:1196: creating src/ctemplate/template_emitter.h
config.status:1196: creating src/ctemplate/template_annotator.h
config.status:1196: creating src/ctemplate/template_dictionary.h
config.status:1196: creating src/ctemplate/template_pathops.h
config.status:1196: creating src/ctemplate/template_namelist.h
config.status:1196: creating src/ctemplate/find_ptr.h
config.status:1196: creating src/ctemplate/per_expand_data.h
config.status:1196: creating src/ctemplate/str_ref.h
config.status:1196: creating src/ctemplate/template_dictionary_interface.h
config.status:1196: creating src/config.h
config.status:1425: executing depfiles commands
config.status:1425: executing libtool commands

## ---------------- ##
## Cache variables. ##
## ---------------- ##

ac_cv___attribute__=yes
ac_cv_build=x86_64-unknown-linux-gnu
ac_cv_c_compiler_gnu=yes
ac_cv_cxx_compiler_gnu=yes
ac_cv_cxx_hash_map='<tr1/unordered_map>'
ac_cv_cxx_hash_map_class=std::tr1::unordered_map
ac_cv_cxx_hash_namespace=std::tr1
ac_cv_cxx_hash_set='<tr1/unordered_set>'
ac_cv_cxx_hash_set_class=std::tr1::unordered_set
ac_cv_cxx_have_unordered_map=yes
ac_cv_cxx_namespaces=yes
ac_cv_cxx_stl_namespace=std
ac_cv_env_CCC_set=
ac_cv_env_CCC_value=
ac_cv_env_CC_set=
ac_cv_env_CC_value=
ac_cv_env_CFLAGS_set=
ac_cv_env_CFLAGS_value=
ac_cv_env_CPPFLAGS_set=
ac_cv_env_CPPFLAGS_value=
ac_cv_env_CPP_set=
ac_cv_env_CPP_value=
ac_cv_env_CXXCPP_set=
ac_cv_env_CXXCPP_value=
ac_cv_env_CXXFLAGS_set=
ac_cv_env_CXXFLAGS_value=
ac_cv_env_CXX_set=
ac_cv_env_CXX_value=
ac_cv_env_LDFLAGS_set=
ac_cv_env_LDFLAGS_value=
ac_cv_env_LIBS_set=
ac_cv_env_LIBS_value=
ac_cv_env_build_alias_set=
ac_cv_env_build_alias_value=
ac_cv_env_host_alias_set=
ac_cv_env_host_alias_value=
ac_cv_env_target_alias_set=
ac_cv_env_target_alias_value=
ac_cv_formatting_prius_prefix=l
ac_cv_func_getopt=yes
ac_cv_func_getopt_long=yes
ac_cv_have_inttypes_h=1
ac_cv_have_stdint_h=1
ac_cv_header_byteswap_h=yes
ac_cv_header_dirent_dirent_h=yes
ac_cv_header_dlfcn_h=yes
ac_cv_header_endian_h=yes
ac_cv_header_getopt_h=yes
ac_cv_header_inttypes_h=yes
ac_cv_header_libkern_OSByteOrder_h=no
ac_cv_header_machine_endian_h=no
ac_cv_header_memory_h=yes
ac_cv_header_stdc=yes
ac_cv_header_stdint_h=yes
ac_cv_header_stdlib_h=yes
ac_cv_header_string_h=yes
ac_cv_header_strings_h=yes
ac_cv_header_sys_byteorder_h=no
ac_cv_header_sys_endian_h=no
ac_cv_header_sys_isa_defs_h=no
ac_cv_header_sys_stat_h=yes
ac_cv_header_sys_types_h=yes
ac_cv_header_unistd_h=yes
ac_cv_header_utime_h=yes
ac_cv_host=x86_64-unknown-linux-gnu
ac_cv_interlocked_exchange_nonvolatile=yes
ac_cv_objext=o
ac_cv_path_EGREP='/usr/bin/grep -E'
ac_cv_path_FGREP='/usr/bin/grep -F'
ac_cv_path_GREP=/usr/bin/grep
ac_cv_path_SED=/usr/bin/sed
ac_cv_path_install='/usr/bin/install -c'
ac_cv_path_mkdir=/usr/bin/mkdir
ac_cv_prius_defined=1
ac_cv_prog_AWK=gawk
ac_cv_prog_CPP='gcc -E'
ac_cv_prog_CXXCPP='g++ -E'
ac_cv_prog_ac_ct_AR=ar
ac_cv_prog_ac_ct_CC=gcc
ac_cv_prog_ac_ct_CXX=g++
ac_cv_prog_ac_ct_OBJDUMP=objdump
ac_cv_prog_ac_ct_RANLIB=ranlib
ac_cv_prog_ac_ct_STRIP=strip
ac_cv_prog_cc_c89=
ac_cv_prog_cc_g=yes
ac_cv_prog_cxx_g=yes
ac_cv_prog_make_make_set=yes
ac_cv_rwlock=yes
ac_cv_search_opendir='none required'
ac_cv_type___int32=no
ac_cv_type___int64=no
ac_cv_type_u_int32_t=yes
ac_cv_type_u_int64_t=yes
ac_cv_type_uint32_t=yes
ac_cv_type_uint64_t=yes
ac_cv_uint64=u_int64_t
am_cv_CC_dependencies_compiler_type=gcc3
am_cv_CXX_dependencies_compiler_type=gcc3
am_cv_make_support_nested_variables=yes
am_cv_prog_cc_c_o=yes
lt_cv_deplibs_check_method=pass_all
lt_cv_file_magic_cmd='$MAGIC_CMD'
lt_cv_file_magic_test_file=
lt_cv_ld_reload_flag=-r
lt_cv_nm_interface='BSD nm'
lt_cv_objdir=.libs
lt_cv_path_LD=/usr/bin/ld
lt_cv_path_LDCXX='/usr/bin/ld -m elf_x86_64'
lt_cv_path_NM='/usr/bin/nm -B'
lt_cv_prog_compiler_c_o=yes
lt_cv_prog_compiler_c_o_CXX=yes
lt_cv_prog_compiler_pic_works=yes
lt_cv_prog_compiler_pic_works_CXX=yes
lt_cv_prog_compiler_rtti_exceptions=no
lt_cv_prog_compiler_static_works=no
lt_cv_prog_compiler_static_works_CXX=no
lt_cv_prog_gnu_ld=yes
lt_cv_prog_gnu_ldcxx=yes
lt_cv_sys_global_symbol_pipe='sed -n -e '\''s/^.*[	 ]\([ABCDGIRSTW][ABCDGIRSTW]*\)[	 ][	 ]*\([_A-Za-z][_A-Za-z0-9]*\)$/\1 \2 \2/p'\'''
lt_cv_sys_global_symbol_to_c_name_address='sed -n -e '\''s/^: \([^ ]*\) $/  {\"\1\", (void *) 0},/p'\'' -e '\''s/^[ABCDGIRSTW]* \([^ ]*\) \([^ ]*\)$/  {"\2", (void *) \&\2},/p'\'''
lt_cv_sys_global_symbol_to_c_name_address_lib_prefix='sed -n -e '\''s/^: \([^ ]*\) $/  {\"\1\", (void *) 0},/p'\'' -e '\''s/^[ABCDGIRSTW]* \([^ ]*\) \(lib[^ ]*\)$/  {"\2", (void *) \&\2},/p'\'' -e '\''s/^[ABCDGIRSTW]* \([^ ]*\) \([^ ]*\)$/  {"lib\2", (void *) \&\2},/p'\'''
lt_cv_sys_global_symbol_to_cdecl='sed -n -e '\''s/^T .* \(.*\)$/extern int \1();/p'\'' -e '\''s/^[ABCDGIRSTW]* .* \(.*\)$/extern char \1;/p'\'''
lt_cv_sys_max_cmd_len=1572864

## ----------------- ##
## Output variables. ##
## ----------------- ##

ACLOCAL='aclocal-1.14'
AMDEPBACKSLASH='\'
AMDEP_FALSE='#'
AMDEP_TRUE=''
AMTAR='$${TAR-tar}'
AM_BACKSLASH='\'
AM_DEFAULT_V='$(AM_DEFAULT_VERBOSITY)'
AM_DEFAULT_VERBOSITY='0'
AM_V='$(V)'
AR='ar'
AUTOCONF='autoconf'
AUTOHEADER='autoheader'
AUTOMAKE='automake-1.14'
AWK='gawk'
CC='gcc'
CCDEPMODE='depmode=gcc3'
CFLAGS='-g -O2'
CPP='gcc -E'
CPPFLAGS=''
CXX='g++'
CXXCPP='g++ -E'
CXXDEPMODE='depmode=gcc3'
CXXFLAGS='-g -O2'
CYGPATH_W='echo'
DEFS='-DHAVE_CONFIG_H'
DEPDIR='.deps'
DSYMUTIL=''
DUMPBIN=''
ECHO_C=''
ECHO_N='-n'
ECHO_T=''
EGREP='/usr/bin/grep -E'
EXEEXT=''
FGREP='/usr/bin/grep -F'
GCC_FALSE='#'
GCC_TRUE=''
GREP='/usr/bin/grep'
INSTALL_DATA='${INSTALL} -m 644'
INSTALL_PROGRAM='${INSTALL}'
INSTALL_SCRIPT='${INSTALL}'
INSTALL_STRIP_PROGRAM='$(install_sh) -c -s'
LD='/usr/bin/ld -m elf_x86_64'
LDFLAGS=''
LIBOBJS=''
LIBS=''
LIBTOOL='$(SHELL) $(top_builddir)/libtool'
LIBTOOL_DEPS='./ltmain.sh'
LIPO=''
LN_S='ln -s'
LTLIBOBJS=''
MAKEINFO='makeinfo'
MINGW_FALSE=''
MINGW_TRUE='#'
MKDIR_P='/usr/bin/mkdir -p'
NM='/usr/bin/nm -B'
NMEDIT=''
OBJDUMP='objdump'
OBJEXT='o'
OTOOL64=''
OTOOL=''
PACKAGE='ctemplate'
PACKAGE_BUGREPORT='google-ctemplate@googlegroups.com'
PACKAGE_NAME='ctemplate'
PACKAGE_STRING='ctemplate 2.3'
PACKAGE_TARNAME='ctemplate'
PACKAGE_URL=''
PACKAGE_VERSION='2.3'
PATH_SEPARATOR=':'
PTHREAD_CC='gcc'
PTHREAD_CFLAGS='-pthread'
PTHREAD_LIBS=' -lpthread'
RANLIB='ranlib'
SED='/usr/bin/sed'
SET_MAKE=''
SHELL='/bin/sh'
SO_VERSION='3:0:0'
STRIP='strip'
VERSION='2.3'
ac_ct_CC='gcc'
ac_ct_CXX='g++'
ac_ct_DUMPBIN=''
ac_cv_cxx_hash_map='<tr1/unordered_map>'
ac_cv_cxx_hash_map_class='std::tr1::unordered_map'
ac_cv_cxx_hash_set='<tr1/unordered_set>'
ac_cv_cxx_hash_set_class='std::tr1::unordered_set'
ac_cv_have_inttypes_h='1'
ac_cv_have_stdint_h='1'
ac_cv_uint64='u_int64_t'
ac_google_attribute='1'
ac_google_end_namespace='}'
ac_google_namespace='::ctemplate'
ac_google_start_namespace='namespace ctemplate {'
ac_have_attribute_weak='1'
ac_htmlparser_namespace='ctemplate_htmlparser'
ac_windows_dllexport=''
ac_windows_dllexport_defines=''
acx_pthread_config=''
am__EXEEXT_FALSE=''
am__EXEEXT_TRUE='#'
am__fastdepCC_FALSE='#'
am__fastdepCC_TRUE=''
am__fastdepCXX_FALSE='#'
am__fastdepCXX_TRUE=''
am__include='include'
am__isrc=''
am__leading_dot='.'
am__nodep='_no'
am__quote=''
am__tar='$${TAR-tar} chof - "$$tardir"'
am__untar='$${TAR-tar} xf -'
bindir='${exec_prefix}/bin'
build='x86_64-unknown-linux-gnu'
build_alias=''
build_cpu='x86_64'
build_os='linux-gnu'
build_vendor='unknown'
datadir='${datarootdir}'
datarootdir='${prefix}/share'
docdir='${datarootdir}/doc/${PACKAGE_TARNAME}'
dvidir='${docdir}'
exec_prefix='${prefix}'
host='x86_64-unknown-linux-gnu'
host_alias=''
host_cpu='x86_64'
host_os='linux-gnu'
host_vendor='unknown'
htmldir='${docdir}'
includedir='${prefix}/include'
infodir='${datarootdir}/info'
install_sh='${SHELL} /home/cangkui/dspnew/trunk/thirdparty/ctemplate/install-sh'
libdir='${exec_prefix}/lib'
libexecdir='${exec_prefix}/libexec'
localedir='${datarootdir}/locale'
localstatedir='${prefix}/var'
lt_ECHO='echo'
mandir='${datarootdir}/man'
mkdir_p='$(MKDIR_P)'
oldincludedir='/usr/include'
pdfdir='${docdir}'
prefix='/home/cangkui'
program_transform_name='s,x,x,'
psdir='${docdir}'
sbindir='${exec_prefix}/sbin'
sharedstatedir='${prefix}/com'
sysconfdir='${prefix}/etc'
target_alias=''

## ----------- ##
## confdefs.h. ##
## ----------- ##

/* confdefs.h */
#define PACKAGE_NAME "ctemplate"
#define PACKAGE_TARNAME "ctemplate"
#define PACKAGE_VERSION "2.3"
#define PACKAGE_STRING "ctemplate 2.3"
#define PACKAGE_BUGREPORT "google-ctemplate@googlegroups.com"
#define PACKAGE_URL ""
#define PACKAGE "ctemplate"
#define VERSION "2.3"
#define STDC_HEADERS 1
#define HAVE_SYS_TYPES_H 1
#define HAVE_SYS_STAT_H 1
#define HAVE_STDLIB_H 1
#define HAVE_STRING_H 1
#define HAVE_MEMORY_H 1
#define HAVE_STRINGS_H 1
#define HAVE_INTTYPES_H 1
#define HAVE_STDINT_H 1
#define HAVE_UNISTD_H 1
#define HAVE_DLFCN_H 1
#define LT_OBJDIR ".libs/"
#define HAVE___ATTRIBUTE__ 1
#define STDC_HEADERS 1
#define PRIuS "lu"
#define PRIxS "lx"
#define PRIdS "ld"
#define HAVE_GETOPT_LONG 1
#define HAVE_GETOPT 1
#define HAVE_GETOPT_H 1
#define HAVE_UTIME_H 1
#define HAVE_UINT32_T 1
#define HAVE_U_INT32_T 1
#define HAVE_UINT64_T 1
#define HAVE_U_INT64_T 1
#define HAVE_DIRENT_H 1
#define HAVE_BYTESWAP_H 1
#define HAVE_ENDIAN_H 1
#define HAVE_PTHREAD 1
#define HAVE_RWLOCK 1
#define INTERLOCKED_EXCHANGE_NONVOLATILE 1
#define HAVE_NAMESPACES 1
#define STL_NAMESPACE std
#define GOOGLE_NAMESPACE ::ctemplate
#define _START_GOOGLE_NAMESPACE_ namespace ctemplate {
#define _END_GOOGLE_NAMESPACE_ }
#define HAVE_HASH_MAP 1
#define HAVE_HASH_SET 1
#define HASH_MAP_H <tr1/unordered_map>
#define HASH_SET_H <tr1/unordered_set>
#define HASH_NAMESPACE std::tr1
#define HAVE_UNORDERED_MAP 1
#define HTMLPARSER_NAMESPACE ctemplate_htmlparser

configure: exit 0
